[35m[1mScanning dependencies of target lockstep_scheduler[0m
[35m[1mScanning dependencies of target df_driver_framework[0m
[  0%] [34m[1mGenerating git version header[0m
[  0%] [34m[1mGenerating mixer_multirotor_6dof.generated.h[0m
[  0%] [34m[1mGenerating mixer_multirotor.generated.h[0m
[  0%] [32mBuilding CXX object platforms/posix/src/lockstep_scheduler/CMakeFiles/lockstep_scheduler.dir/src/lockstep_scheduler.cpp.o[0m
[  0%] [34m[1mgit submodule src/lib/ecl[0m
[  0%] [34m[1mgit submodule src/drivers/gps/devices[0m
/bin/sh: 1: /usr/bin/ccache: not found
platforms/posix/src/lockstep_scheduler/CMakeFiles/lockstep_scheduler.dir/build.make:62: recipe for target 'platforms/posix/src/lockstep_scheduler/CMakeFiles/lockstep_scheduler.dir/src/lockstep_scheduler.cpp.o' failed
make[2]: *** [platforms/posix/src/lockstep_scheduler/CMakeFiles/lockstep_scheduler.dir/src/lockstep_scheduler.cpp.o] Error 127
CMakeFiles/Makefile2:23673: recipe for target 'platforms/posix/src/lockstep_scheduler/CMakeFiles/lockstep_scheduler.dir/all' failed
make[1]: *** [platforms/posix/src/lockstep_scheduler/CMakeFiles/lockstep_scheduler.dir/all] Error 2
make[1]: *** Waiting for unfinished jobs....
[  0%] [34m[1mGenerating mixer_multirotor_normalized.generated.h[0m
[  0%] [34m[1mGenerating uORB topic headers[0m
[  0%] [32mBuilding CXX object src/lib/DriverFramework/framework/src/CMakeFiles/df_driver_framework.dir/DriverFramework.cpp.o[0m
/bin/sh: 1: /usr/bin/ccache: not found
src/lib/DriverFramework/framework/src/CMakeFiles/df_driver_framework.dir/build.make:62: recipe for target 'src/lib/DriverFramework/framework/src/CMakeFiles/df_driver_framework.dir/DriverFramework.cpp.o' failed
make[2]: *** [src/lib/DriverFramework/framework/src/CMakeFiles/df_driver_framework.dir/DriverFramework.cpp.o] Error 127
CMakeFiles/Makefile2:1751: recipe for target 'src/lib/DriverFramework/framework/src/CMakeFiles/df_driver_framework.dir/all' failed
make[1]: *** [src/lib/DriverFramework/framework/src/CMakeFiles/df_driver_framework.dir/all] Error 2
[  0%] Built target git_gps_devices
[  0%] Built target git_ecl
[  0%] Built target mixer_gen_6dof
[  0%] Built target mixer_gen
[  0%] Built target ver_gen
[  0%] Built target uorb_headers
Makefile:162: recipe for target 'all' failed
make: *** [all] Error 2
