Linked: (/home/chris/school/ros_catkin/devel/.private/px4/lib/libFlightTaskAutoFollowMe.a, /home/chris/school/ros_catkin/devel/lib/libFlightTaskAutoFollowMe.a)
Linked: (/home/chris/school/ros_catkin/devel/.private/px4/lib/libtunes.a, /home/chris/school/ros_catkin/devel/lib/libtunes.a)
Linked: (/home/chris/school/ros_catkin/devel/.private/px4/lib/libmathlib.a, /home/chris/school/ros_catkin/devel/lib/libmathlib.a)
Linked: (/home/chris/school/ros_catkin/devel/.private/px4/lib/libdrivers__pga460.a, /home/chris/school/ros_catkin/devel/lib/libdrivers__pga460.a)
Linked: (/home/chris/school/ros_catkin/devel/.private/px4/lib/libdrivers__gps.a, /home/chris/school/ros_catkin/devel/lib/libdrivers__gps.a)
Linked: (/home/chris/school/ros_catkin/devel/.private/px4/lib/libecl_validation.a, /home/chris/school/ros_catkin/devel/lib/libecl_validation.a)
Linked: (/home/chris/school/ros_catkin/devel/.private/px4/lib/libmodules__gnd_pos_control.a, /home/chris/school/ros_catkin/devel/lib/libmodules__gnd_pos_control.a)
Linked: (/home/chris/school/ros_catkin/devel/.private/px4/lib/libpwm_limit.a, /home/chris/school/ros_catkin/devel/lib/libpwm_limit.a)
Linked: (/home/chris/school/ros_catkin/devel/.private/px4/lib/liblaunchdetection.a, /home/chris/school/ros_catkin/devel/lib/liblaunchdetection.a)
Linked: (/home/chris/school/ros_catkin/devel/.private/px4/lib/libmodules__uORB.a, /home/chris/school/ros_catkin/devel/lib/libmodules__uORB.a)
Linked: (/home/chris/school/ros_catkin/devel/.private/px4/lib/librc.a, /home/chris/school/ros_catkin/devel/lib/librc.a)
Linked: (/home/chris/school/ros_catkin/devel/.private/px4/lib/libcontrollib.a, /home/chris/school/ros_catkin/devel/lib/libcontrollib.a)
Linked: (/home/chris/school/ros_catkin/devel/.private/px4/lib/libFlightTaskFailsafe.a, /home/chris/school/ros_catkin/devel/lib/libFlightTaskFailsafe.a)
Linked: (/home/chris/school/ros_catkin/devel/.private/px4/lib/libmodules__replay.a, /home/chris/school/ros_catkin/devel/lib/libmodules__replay.a)
Linked: (/home/chris/school/ros_catkin/devel/.private/px4/lib/libsystemcmds__topic_listener.a, /home/chris/school/ros_catkin/devel/lib/libsystemcmds__topic_listener.a)
Linked: (/home/chris/school/ros_catkin/devel/.private/px4/lib/libwork_queue.a, /home/chris/school/ros_catkin/devel/lib/libwork_queue.a)
Linked: (/home/chris/school/ros_catkin/devel/.private/px4/lib/libdrivers__ms5525_airspeed.a, /home/chris/school/ros_catkin/devel/lib/libdrivers__ms5525_airspeed.a)
Linked: (/home/chris/school/ros_catkin/devel/.private/px4/lib/librunway_takeoff.a, /home/chris/school/ros_catkin/devel/lib/librunway_takeoff.a)
Linked: (/home/chris/school/ros_catkin/devel/.private/px4/lib/libdrivers__sf1xx.a, /home/chris/school/ros_catkin/devel/lib/libdrivers__sf1xx.a)
Linked: (/home/chris/school/ros_catkin/devel/.private/px4/lib/libairspeed.a, /home/chris/school/ros_catkin/devel/lib/libairspeed.a)
Linked: (/home/chris/school/ros_catkin/devel/.private/px4/lib/examples__dyn_hello.px4mod, /home/chris/school/ros_catkin/devel/lib/examples__dyn_hello.px4mod)
Linked: (/home/chris/school/ros_catkin/devel/.private/px4/lib/libFlightTaskManualAltitude.a, /home/chris/school/ros_catkin/devel/lib/libFlightTaskManualAltitude.a)
Linked: (/home/chris/school/ros_catkin/devel/.private/px4/lib/libuorb_msgs.a, /home/chris/school/ros_catkin/devel/lib/libuorb_msgs.a)
Linked: (/home/chris/school/ros_catkin/devel/.private/px4/lib/libdrivers__srf02.a, /home/chris/school/ros_catkin/devel/lib/libdrivers__srf02.a)
Linked: (/home/chris/school/ros_catkin/devel/.private/px4/lib/libmodules__mc_pos_control.a, /home/chris/school/ros_catkin/devel/lib/libmodules__mc_pos_control.a)
Linked: (/home/chris/school/ros_catkin/devel/.private/px4/lib/libmodules__uORB__uORB_tests.a, /home/chris/school/ros_catkin/devel/lib/libmodules__uORB__uORB_tests.a)
Linked: (/home/chris/school/ros_catkin/devel/.private/px4/lib/libCollisionPrevention.a, /home/chris/school/ros_catkin/devel/lib/libCollisionPrevention.a)
Linked: (/home/chris/school/ros_catkin/devel/.private/px4/lib/libmodules__land_detector.a, /home/chris/school/ros_catkin/devel/lib/libmodules__land_detector.a)
Linked: (/home/chris/school/ros_catkin/devel/.private/px4/lib/libdrivers__airspeed.a, /home/chris/school/ros_catkin/devel/lib/libdrivers__airspeed.a)
Linked: (/home/chris/school/ros_catkin/devel/.private/px4/lib/libdrivers__gpssim.a, /home/chris/school/ros_catkin/devel/lib/libdrivers__gpssim.a)
Linked: (/home/chris/school/ros_catkin/devel/.private/px4/lib/libpid.a, /home/chris/school/ros_catkin/devel/lib/libpid.a)
Linked: (/home/chris/school/ros_catkin/devel/.private/px4/lib/libversion.a, /home/chris/school/ros_catkin/devel/lib/libversion.a)
Linked: (/home/chris/school/ros_catkin/devel/.private/px4/lib/libexamples__fixedwing_control.a, /home/chris/school/ros_catkin/devel/lib/libexamples__fixedwing_control.a)
Linked: (/home/chris/school/ros_catkin/devel/.private/px4/lib/libsystemcmds__motor_ramp.a, /home/chris/school/ros_catkin/devel/lib/libsystemcmds__motor_ramp.a)
Linked: (/home/chris/school/ros_catkin/devel/.private/px4/lib/libdrivers__batt_smbus.a, /home/chris/school/ros_catkin/devel/lib/libdrivers__batt_smbus.a)
Linked: (/home/chris/school/ros_catkin/devel/.private/px4/lib/libperf.a, /home/chris/school/ros_catkin/devel/lib/libperf.a)
Linked: (/home/chris/school/ros_catkin/devel/.private/px4/lib/libdrivers__camera_trigger.a, /home/chris/school/ros_catkin/devel/lib/libdrivers__camera_trigger.a)
Linked: (/home/chris/school/ros_catkin/devel/.private/px4/lib/libdrivers__pwm_out_sim.a, /home/chris/school/ros_catkin/devel/lib/libdrivers__pwm_out_sim.a)
Linked: (/home/chris/school/ros_catkin/devel/.private/px4/lib/libFlightTaskManualPosition.a, /home/chris/school/ros_catkin/devel/lib/libFlightTaskManualPosition.a)
Linked: (/home/chris/school/ros_catkin/devel/.private/px4/lib/libdrivers__cm8jl65.a, /home/chris/school/ros_catkin/devel/lib/libdrivers__cm8jl65.a)
Linked: (/home/chris/school/ros_catkin/devel/.private/px4/lib/libsystemcmds__esc_calib.a, /home/chris/school/ros_catkin/devel/lib/libsystemcmds__esc_calib.a)
Linked: (/home/chris/school/ros_catkin/devel/.private/px4/lib/libmodules__position_estimator_inav.a, /home/chris/school/ros_catkin/devel/lib/libmodules__position_estimator_inav.a)
Linked: (/home/chris/school/ros_catkin/devel/.private/px4/lib/libFlightTaskUtility.a, /home/chris/school/ros_catkin/devel/lib/libFlightTaskUtility.a)
Linked: (/home/chris/school/ros_catkin/devel/.private/px4/lib/libmodules__bottle_drop.a, /home/chris/school/ros_catkin/devel/lib/libmodules__bottle_drop.a)
Linked: (/home/chris/school/ros_catkin/devel/.private/px4/lib/libmodules__fw_att_control.a, /home/chris/school/ros_catkin/devel/lib/libmodules__fw_att_control.a)
Linked: (/home/chris/school/ros_catkin/devel/.private/px4/lib/libmodules__wind_estimator.a, /home/chris/school/ros_catkin/devel/lib/libmodules__wind_estimator.a)
Linked: (/home/chris/school/ros_catkin/devel/.private/px4/lib/libmodules__vtol_att_control.a, /home/chris/school/ros_catkin/devel/lib/libmodules__vtol_att_control.a)
Linked: (/home/chris/school/ros_catkin/devel/.private/px4/lib/libcircuit_breaker.a, /home/chris/school/ros_catkin/devel/lib/libcircuit_breaker.a)
Linked: (/home/chris/school/ros_catkin/devel/.private/px4/lib/libFlightTaskOffboard.a, /home/chris/school/ros_catkin/devel/lib/libFlightTaskOffboard.a)
Linked: (/home/chris/school/ros_catkin/devel/.private/px4/lib/libdf_driver_framework.a, /home/chris/school/ros_catkin/devel/lib/libdf_driver_framework.a)
Linked: (/home/chris/school/ros_catkin/devel/.private/px4/lib/libsystemcmds__shutdown.a, /home/chris/school/ros_catkin/devel/lib/libsystemcmds__shutdown.a)
Linked: (/home/chris/school/ros_catkin/devel/.private/px4/lib/liblanding_slope.a, /home/chris/school/ros_catkin/devel/lib/liblanding_slope.a)
Linked: (/home/chris/school/ros_catkin/devel/.private/px4/lib/libdrivers__barosim.a, /home/chris/school/ros_catkin/devel/lib/libdrivers__barosim.a)
Linked: (/home/chris/school/ros_catkin/devel/.private/px4/lib/libsystemcmds__param.a, /home/chris/school/ros_catkin/devel/lib/libsystemcmds__param.a)
Linked: (/home/chris/school/ros_catkin/devel/.private/px4/lib/libecl_tecs.a, /home/chris/school/ros_catkin/devel/lib/libecl_tecs.a)
Linked: (/home/chris/school/ros_catkin/devel/.private/px4/lib/libdrivers__led.a, /home/chris/school/ros_catkin/devel/lib/libdrivers__led.a)
Linked: (/home/chris/school/ros_catkin/devel/.private/px4/lib/libmodules__events.a, /home/chris/school/ros_catkin/devel/lib/libmodules__events.a)
Linked: (/home/chris/school/ros_catkin/devel/.private/px4/lib/libexamples__rover_steering_control.a, /home/chris/school/ros_catkin/devel/lib/libexamples__rover_steering_control.a)
Linked: (/home/chris/school/ros_catkin/devel/.private/px4/lib/libFlightTaskManualPositionSmoothVel.a, /home/chris/school/ros_catkin/devel/lib/libFlightTaskManualPositionSmoothVel.a)
Linked: (/home/chris/school/ros_catkin/devel/.private/px4/lib/libFlightTaskManualAltitudeSmooth.a, /home/chris/school/ros_catkin/devel/lib/libFlightTaskManualAltitudeSmooth.a)
Linked: (/home/chris/school/ros_catkin/devel/.private/px4/lib/libexamples__px4_mavlink_debug.a, /home/chris/school/ros_catkin/devel/lib/libexamples__px4_mavlink_debug.a)
Linked: (/home/chris/school/ros_catkin/devel/.private/px4/lib/libdrivers__sf0x__sf0x_tests.a, /home/chris/school/ros_catkin/devel/lib/libdrivers__sf0x__sf0x_tests.a)
Linked: (/home/chris/school/ros_catkin/devel/.private/px4/lib/libpx4_layer.a, /home/chris/school/ros_catkin/devel/lib/libpx4_layer.a)
Linked: (/home/chris/school/ros_catkin/devel/.private/px4/lib/libcdev.a, /home/chris/school/ros_catkin/devel/lib/libcdev.a)
Linked: (/home/chris/school/ros_catkin/devel/.private/px4/lib/libsystemcmds__top.a, /home/chris/school/ros_catkin/devel/lib/libsystemcmds__top.a)
Linked: (/home/chris/school/ros_catkin/devel/.private/px4/lib/libmodules__attitude_estimator_q.a, /home/chris/school/ros_catkin/devel/lib/libmodules__attitude_estimator_q.a)
Linked: (/home/chris/school/ros_catkin/devel/.private/px4/lib/libmodules__commander__commander_tests.a, /home/chris/school/ros_catkin/devel/lib/libmodules__commander__commander_tests.a)
Linked: (/home/chris/school/ros_catkin/devel/.private/px4/lib/libconversion.a, /home/chris/school/ros_catkin/devel/lib/libconversion.a)
Linked: (/home/chris/school/ros_catkin/devel/.private/px4/lib/libmodules__load_mon.a, /home/chris/school/ros_catkin/devel/lib/libmodules__load_mon.a)
Linked: (/home/chris/school/ros_catkin/devel/.private/px4/lib/libmodules__sensors.a, /home/chris/school/ros_catkin/devel/lib/libmodules__sensors.a)
Linked: (/home/chris/school/ros_catkin/devel/.private/px4/lib/libexamples__px4_simple_app.a, /home/chris/school/ros_catkin/devel/lib/libexamples__px4_simple_app.a)
Linked: (/home/chris/school/ros_catkin/devel/.private/px4/lib/libdrivers__teraranger.a, /home/chris/school/ros_catkin/devel/lib/libdrivers__teraranger.a)
Linked: (/home/chris/school/ros_catkin/devel/.private/px4/lib/libtinybson.a, /home/chris/school/ros_catkin/devel/lib/libtinybson.a)
Linked: (/home/chris/school/ros_catkin/devel/.private/px4/lib/libdrivers__ll40ls.a, /home/chris/school/ros_catkin/devel/lib/libdrivers__ll40ls.a)
Linked: (/home/chris/school/ros_catkin/devel/.private/px4/lib/libdrivers__ets_airspeed.a, /home/chris/school/ros_catkin/devel/lib/libdrivers__ets_airspeed.a)
Linked: (/home/chris/school/ros_catkin/devel/.private/px4/lib/libsystemcmds__ver.a, /home/chris/school/ros_catkin/devel/lib/libsystemcmds__ver.a)
Linked: (/home/chris/school/ros_catkin/devel/.private/px4/lib/libdrivers__mb12xx.a, /home/chris/school/ros_catkin/devel/lib/libdrivers__mb12xx.a)
Linked: (/home/chris/school/ros_catkin/devel/.private/px4/lib/libfailure_detector.a, /home/chris/school/ros_catkin/devel/lib/libfailure_detector.a)
Linked: (/home/chris/school/ros_catkin/devel/.private/px4/lib/libFlightTaskAuto.a, /home/chris/school/ros_catkin/devel/lib/libFlightTaskAuto.a)
Linked: (/home/chris/school/ros_catkin/devel/.private/px4/lib/libsystemcmds__reboot.a, /home/chris/school/ros_catkin/devel/lib/libsystemcmds__reboot.a)
Linked: (/home/chris/school/ros_catkin/devel/.private/px4/lib/libdrivers__airspeedsim.a, /home/chris/school/ros_catkin/devel/lib/libdrivers__airspeedsim.a)
Linked: (/home/chris/school/ros_catkin/devel/.private/px4/lib/libdrivers__device.a, /home/chris/school/ros_catkin/devel/lib/libdrivers__device.a)
Linked: (/home/chris/school/ros_catkin/devel/.private/px4/lib/libFlightTaskAutoMapper.a, /home/chris/school/ros_catkin/devel/lib/libFlightTaskAutoMapper.a)
Linked: (/home/chris/school/ros_catkin/devel/.private/px4/lib/libmodules__mavlink.a, /home/chris/school/ros_catkin/devel/lib/libmodules__mavlink.a)
Linked: (/home/chris/school/ros_catkin/devel/.private/px4/lib/libFlightTaskManual.a, /home/chris/school/ros_catkin/devel/lib/libFlightTaskManual.a)
Linked: (/home/chris/school/ros_catkin/devel/.private/px4/lib/libFlightTaskManualAltitudeSmoothVel.a, /home/chris/school/ros_catkin/devel/lib/libFlightTaskManualAltitudeSmoothVel.a)
Linked: (/home/chris/school/ros_catkin/devel/.private/px4/lib/libmodules__mc_att_control.a, /home/chris/school/ros_catkin/devel/lib/libmodules__mc_att_control.a)
Linked: (/home/chris/school/ros_catkin/devel/.private/px4/lib/libsystemcmds__tests.a, /home/chris/school/ros_catkin/devel/lib/libsystemcmds__tests.a)
Linked: (/home/chris/school/ros_catkin/devel/.private/px4/lib/libsystemlib.a, /home/chris/school/ros_catkin/devel/lib/libsystemlib.a)
Linked: (/home/chris/school/ros_catkin/devel/.private/px4/lib/libdrivers__tone_alarm.a, /home/chris/school/ros_catkin/devel/lib/libdrivers__tone_alarm.a)
Linked: (/home/chris/school/ros_catkin/devel/.private/px4/lib/liblib__rc__rc_tests.a, /home/chris/school/ros_catkin/devel/lib/liblib__rc__rc_tests.a)
Linked: (/home/chris/school/ros_catkin/devel/.private/px4/lib/libecl_l1.a, /home/chris/school/ros_catkin/devel/lib/libecl_l1.a)
Linked: (/home/chris/school/ros_catkin/devel/.private/px4/lib/libdrivers__ledsim.a, /home/chris/school/ros_catkin/devel/lib/libdrivers__ledsim.a)
Linked: (/home/chris/school/ros_catkin/devel/.private/px4/lib/libdrivers__ulanding.a, /home/chris/school/ros_catkin/devel/lib/libdrivers__ulanding.a)
Linked: (/home/chris/school/ros_catkin/devel/.private/px4/lib/liblockstep_scheduler.a, /home/chris/school/ros_catkin/devel/lib/liblockstep_scheduler.a)
Linked: (/home/chris/school/ros_catkin/devel/.private/px4/lib/libpx4_platform.a, /home/chris/school/ros_catkin/devel/lib/libpx4_platform.a)
Linked: (/home/chris/school/ros_catkin/devel/.private/px4/lib/liblib__controllib__controllib_test.a, /home/chris/school/ros_catkin/devel/lib/liblib__controllib__controllib_test.a)
Linked: (/home/chris/school/ros_catkin/devel/.private/px4/lib/libdrivers__ms4525_airspeed.a, /home/chris/school/ros_catkin/devel/lib/libdrivers__ms4525_airspeed.a)
Linked: (/home/chris/school/ros_catkin/devel/.private/px4/lib/libFlightTask.a, /home/chris/school/ros_catkin/devel/lib/libFlightTask.a)
Linked: (/home/chris/school/ros_catkin/devel/.private/px4/lib/libFlightTaskTransition.a, /home/chris/school/ros_catkin/devel/lib/libFlightTaskTransition.a)
Linked: (/home/chris/school/ros_catkin/devel/.private/px4/lib/libFlightTaskManualPositionSmooth.a, /home/chris/school/ros_catkin/devel/lib/libFlightTaskManualPositionSmooth.a)
Linked: (/home/chris/school/ros_catkin/devel/.private/px4/lib/libecl_EKF.a, /home/chris/school/ros_catkin/devel/lib/libecl_EKF.a)
Linked: (/home/chris/school/ros_catkin/devel/.private/px4/lib/libsystemcmds__tune_control.a, /home/chris/school/ros_catkin/devel/lib/libsystemcmds__tune_control.a)
Linked: (/home/chris/school/ros_catkin/devel/.private/px4/lib/libsystemcmds__pwm.a, /home/chris/school/ros_catkin/devel/lib/libsystemcmds__pwm.a)
Linked: (/home/chris/school/ros_catkin/devel/.private/px4/lib/libmodules__local_position_estimator.a, /home/chris/school/ros_catkin/devel/lib/libmodules__local_position_estimator.a)
Linked: (/home/chris/school/ros_catkin/devel/.private/px4/lib/libmodules__navigator.a, /home/chris/school/ros_catkin/devel/lib/libmodules__navigator.a)
Linked: (/home/chris/school/ros_catkin/devel/.private/px4/lib/libFlightTaskAutoLine.a, /home/chris/school/ros_catkin/devel/lib/libFlightTaskAutoLine.a)
Linked: (/home/chris/school/ros_catkin/devel/.private/px4/lib/libsystemcmds__mixer.a, /home/chris/school/ros_catkin/devel/lib/libsystemcmds__mixer.a)
Linked: (/home/chris/school/ros_catkin/devel/.private/px4/lib/libmodules__gnd_att_control.a, /home/chris/school/ros_catkin/devel/lib/libmodules__gnd_att_control.a)
Linked: (/home/chris/school/ros_catkin/devel/.private/px4/lib/libdrivers__sf0x.a, /home/chris/school/ros_catkin/devel/lib/libdrivers__sf0x.a)
Linked: (/home/chris/school/ros_catkin/devel/.private/px4/lib/libmodules__ekf2.a, /home/chris/school/ros_catkin/devel/lib/libmodules__ekf2.a)
Linked: (/home/chris/school/ros_catkin/devel/.private/px4/lib/libFlightTaskAutoMapper2.a, /home/chris/school/ros_catkin/devel/lib/libFlightTaskAutoMapper2.a)
Linked: (/home/chris/school/ros_catkin/devel/.private/px4/lib/libdrivers__smbus.a, /home/chris/school/ros_catkin/devel/lib/libdrivers__smbus.a)
Linked: (/home/chris/school/ros_catkin/devel/.private/px4/lib/libbattery.a, /home/chris/school/ros_catkin/devel/lib/libbattery.a)
Linked: (/home/chris/school/ros_catkin/devel/.private/px4/lib/libsystemcmds__led_control.a, /home/chris/school/ros_catkin/devel/lib/libsystemcmds__led_control.a)
Linked: (/home/chris/school/ros_catkin/devel/.private/px4/lib/libdrivers__sdp3x_airspeed.a, /home/chris/school/ros_catkin/devel/lib/libdrivers__sdp3x_airspeed.a)
Linked: (/home/chris/school/ros_catkin/devel/.private/px4/lib/libdrivers__accelsim.a, /home/chris/school/ros_catkin/devel/lib/libdrivers__accelsim.a)
Linked: (/home/chris/school/ros_catkin/devel/.private/px4/lib/libmodules__dataman.a, /home/chris/school/ros_catkin/devel/lib/libmodules__dataman.a)
Linked: (/home/chris/school/ros_catkin/devel/.private/px4/lib/libWeatherVane.a, /home/chris/school/ros_catkin/devel/lib/libWeatherVane.a)
Linked: (/home/chris/school/ros_catkin/devel/.private/px4/lib/libdrivers__tfmini.a, /home/chris/school/ros_catkin/devel/lib/libdrivers__tfmini.a)
Linked: (/home/chris/school/ros_catkin/devel/.private/px4/lib/libmodules__logger.a, /home/chris/school/ros_catkin/devel/lib/libmodules__logger.a)
Linked: (/home/chris/school/ros_catkin/devel/.private/px4/lib/libecl_airdata.a, /home/chris/school/ros_catkin/devel/lib/libecl_airdata.a)
Linked: (/home/chris/school/ros_catkin/devel/.private/px4/lib/libdrivers__vmount.a, /home/chris/school/ros_catkin/devel/lib/libdrivers__vmount.a)
Linked: (/home/chris/school/ros_catkin/devel/.private/px4/lib/libmodules__mavlink__mavlink_tests.a, /home/chris/school/ros_catkin/devel/lib/libmodules__mavlink__mavlink_tests.a)
Linked: (/home/chris/school/ros_catkin/devel/.private/px4/lib/liblib__cdev__test__cdev_test.a, /home/chris/school/ros_catkin/devel/lib/liblib__cdev__test__cdev_test.a)
Linked: (/home/chris/school/ros_catkin/devel/.private/px4/lib/libFlightTasks.a, /home/chris/school/ros_catkin/devel/lib/libFlightTasks.a)
Linked: (/home/chris/school/ros_catkin/devel/.private/px4/lib/libdrivers__leddar_one.a, /home/chris/school/ros_catkin/devel/lib/libdrivers__leddar_one.a)
Linked: (/home/chris/school/ros_catkin/devel/.private/px4/lib/libmodules__landing_target_estimator.a, /home/chris/school/ros_catkin/devel/lib/libmodules__landing_target_estimator.a)
Linked: (/home/chris/school/ros_catkin/devel/.private/px4/lib/libecl_attitude_fw.a, /home/chris/school/ros_catkin/devel/lib/libecl_attitude_fw.a)
Linked: (/home/chris/school/ros_catkin/devel/.private/px4/lib/libAttitudeControl.a, /home/chris/school/ros_catkin/devel/lib/libAttitudeControl.a)
Linked: (/home/chris/school/ros_catkin/devel/.private/px4/lib/libterrain_estimation.a, /home/chris/school/ros_catkin/devel/lib/libterrain_estimation.a)
Linked: (/home/chris/school/ros_catkin/devel/.private/px4/lib/libecl_geo_lookup.a, /home/chris/school/ros_catkin/devel/lib/libecl_geo_lookup.a)
Linked: (/home/chris/school/ros_catkin/devel/.private/px4/lib/libtone_alarm_interface.a, /home/chris/school/ros_catkin/devel/lib/libtone_alarm_interface.a)
Linked: (/home/chris/school/ros_catkin/devel/.private/px4/lib/libdrivers__vl53lxx.a, /home/chris/school/ros_catkin/devel/lib/libdrivers__vl53lxx.a)
Linked: (/home/chris/school/ros_catkin/devel/.private/px4/lib/libmixer.a, /home/chris/school/ros_catkin/devel/lib/libmixer.a)
Linked: (/home/chris/school/ros_catkin/devel/.private/px4/lib/libdrivers__gyrosim.a, /home/chris/school/ros_catkin/devel/lib/libdrivers__gyrosim.a)
Linked: (/home/chris/school/ros_catkin/devel/.private/px4/lib/libmodules__simulator.a, /home/chris/school/ros_catkin/devel/lib/libmodules__simulator.a)
Linked: (/home/chris/school/ros_catkin/devel/.private/px4/lib/libsystemcmds__sd_bench.a, /home/chris/school/ros_catkin/devel/lib/libsystemcmds__sd_bench.a)
Linked: (/home/chris/school/ros_catkin/devel/.private/px4/lib/libpx4_daemon.a, /home/chris/school/ros_catkin/devel/lib/libpx4_daemon.a)
Linked: (/home/chris/school/ros_catkin/devel/.private/px4/lib/libsystemcmds__perf.a, /home/chris/school/ros_catkin/devel/lib/libsystemcmds__perf.a)
Linked: (/home/chris/school/ros_catkin/devel/.private/px4/lib/libecl_geo.a, /home/chris/school/ros_catkin/devel/lib/libecl_geo.a)
Linked: (/home/chris/school/ros_catkin/devel/.private/px4/lib/libdrivers_board.a, /home/chris/school/ros_catkin/devel/lib/libdrivers_board.a)
Linked: (/home/chris/school/ros_catkin/devel/.private/px4/lib/libFlightTaskAutoLineSmoothVel.a, /home/chris/school/ros_catkin/devel/lib/libFlightTaskAutoLineSmoothVel.a)
Linked: (/home/chris/school/ros_catkin/devel/.private/px4/lib/libsystemcmds__dyn.a, /home/chris/school/ros_catkin/devel/lib/libsystemcmds__dyn.a)
Linked: (/home/chris/school/ros_catkin/devel/.private/px4/lib/libexamples__segway.a, /home/chris/school/ros_catkin/devel/lib/libexamples__segway.a)
Linked: (/home/chris/school/ros_catkin/devel/.private/px4/lib/libexamples__hello.a, /home/chris/school/ros_catkin/devel/lib/libexamples__hello.a)
Linked: (/home/chris/school/ros_catkin/devel/.private/px4/lib/libmodules__commander.a, /home/chris/school/ros_catkin/devel/lib/libmodules__commander.a)
Linked: (/home/chris/school/ros_catkin/devel/.private/px4/lib/libmodules__camera_feedback.a, /home/chris/school/ros_catkin/devel/lib/libmodules__camera_feedback.a)
Linked: (/home/chris/school/ros_catkin/devel/.private/px4/lib/libparameters.a, /home/chris/school/ros_catkin/devel/lib/libparameters.a)
Linked: (/home/chris/school/ros_catkin/devel/.private/px4/lib/libFlightTaskOrbit.a, /home/chris/school/ros_catkin/devel/lib/libFlightTaskOrbit.a)
Linked: (/home/chris/school/ros_catkin/devel/.private/px4/lib/libsystemcmds__tests__hrt_test.a, /home/chris/school/ros_catkin/devel/lib/libsystemcmds__tests__hrt_test.a)
Linked: (/home/chris/school/ros_catkin/devel/.private/px4/lib/libmodules__fw_pos_control_l1.a, /home/chris/school/ros_catkin/devel/lib/libmodules__fw_pos_control_l1.a)
Linked: (/home/chris/school/ros_catkin/devel/.private/px4/lib/px4/px4-mc_att_control, /home/chris/school/ros_catkin/devel/lib/px4/px4-mc_att_control)
Linked: (/home/chris/school/ros_catkin/devel/.private/px4/lib/px4/px4-sensors, /home/chris/school/ros_catkin/devel/lib/px4/px4-sensors)
Linked: (/home/chris/school/ros_catkin/devel/.private/px4/lib/px4/px4-sd_bench, /home/chris/school/ros_catkin/devel/lib/px4/px4-sd_bench)
Linked: (/home/chris/school/ros_catkin/devel/.private/px4/lib/px4/px4-tfmini, /home/chris/school/ros_catkin/devel/lib/px4/px4-tfmini)
Linked: (/home/chris/school/ros_catkin/devel/.private/px4/lib/px4/px4-mavlink_tests, /home/chris/school/ros_catkin/devel/lib/px4/px4-mavlink_tests)
Linked: (/home/chris/school/ros_catkin/devel/.private/px4/lib/px4/px4, /home/chris/school/ros_catkin/devel/lib/px4/px4)
Linked: (/home/chris/school/ros_catkin/devel/.private/px4/lib/px4/px4-commander, /home/chris/school/ros_catkin/devel/lib/px4/px4-commander)
Linked: (/home/chris/school/ros_catkin/devel/.private/px4/lib/px4/px4-tone_alarm, /home/chris/school/ros_catkin/devel/lib/px4/px4-tone_alarm)
Linked: (/home/chris/school/ros_catkin/devel/.private/px4/lib/px4/px4-gps, /home/chris/school/ros_catkin/devel/lib/px4/px4-gps)
Linked: (/home/chris/school/ros_catkin/devel/.private/px4/lib/px4/px4-local_position_estimator, /home/chris/school/ros_catkin/devel/lib/px4/px4-local_position_estimator)
Linked: (/home/chris/school/ros_catkin/devel/.private/px4/lib/px4/px4-leddar_one, /home/chris/school/ros_catkin/devel/lib/px4/px4-leddar_one)
Linked: (/home/chris/school/ros_catkin/devel/.private/px4/lib/px4/px4-measairspeedsim, /home/chris/school/ros_catkin/devel/lib/px4/px4-measairspeedsim)
Linked: (/home/chris/school/ros_catkin/devel/.private/px4/lib/px4/px4-hrt_test, /home/chris/school/ros_catkin/devel/lib/px4/px4-hrt_test)
Linked: (/home/chris/school/ros_catkin/devel/.private/px4/lib/px4/px4-ll40ls, /home/chris/school/ros_catkin/devel/lib/px4/px4-ll40ls)
Linked: (/home/chris/school/ros_catkin/devel/.private/px4/lib/px4/px4-sdp3x_airspeed, /home/chris/school/ros_catkin/devel/lib/px4/px4-sdp3x_airspeed)
Linked: (/home/chris/school/ros_catkin/devel/.private/px4/lib/px4/px4-uorb, /home/chris/school/ros_catkin/devel/lib/px4/px4-uorb)
Linked: (/home/chris/school/ros_catkin/devel/.private/px4/lib/px4/px4-pwm, /home/chris/school/ros_catkin/devel/lib/px4/px4-pwm)
Linked: (/home/chris/school/ros_catkin/devel/.private/px4/lib/px4/px4-load_mon, /home/chris/school/ros_catkin/devel/lib/px4/px4-load_mon)
Linked: (/home/chris/school/ros_catkin/devel/.private/px4/lib/px4/px4-fw_pos_control_l1, /home/chris/school/ros_catkin/devel/lib/px4/px4-fw_pos_control_l1)
Linked: (/home/chris/school/ros_catkin/devel/.private/px4/lib/px4/px4-fw_att_control, /home/chris/school/ros_catkin/devel/lib/px4/px4-fw_att_control)
Linked: (/home/chris/school/ros_catkin/devel/.private/px4/lib/px4/px4-gnd_pos_control, /home/chris/school/ros_catkin/devel/lib/px4/px4-gnd_pos_control)
Linked: (/home/chris/school/ros_catkin/devel/.private/px4/lib/px4/px4-camera_trigger, /home/chris/school/ros_catkin/devel/lib/px4/px4-camera_trigger)
Linked: (/home/chris/school/ros_catkin/devel/.private/px4/lib/px4/px4-led_control, /home/chris/school/ros_catkin/devel/lib/px4/px4-led_control)
Linked: (/home/chris/school/ros_catkin/devel/.private/px4/lib/px4/px4-uorb_tests, /home/chris/school/ros_catkin/devel/lib/px4/px4-uorb_tests)
Linked: (/home/chris/school/ros_catkin/devel/.private/px4/lib/px4/px4-ms5525_airspeed, /home/chris/school/ros_catkin/devel/lib/px4/px4-ms5525_airspeed)
Linked: (/home/chris/school/ros_catkin/devel/.private/px4/lib/px4/px4-px4_simple_app, /home/chris/school/ros_catkin/devel/lib/px4/px4-px4_simple_app)
Linked: (/home/chris/school/ros_catkin/devel/.private/px4/lib/px4/px4-ver, /home/chris/school/ros_catkin/devel/lib/px4/px4-ver)
Linked: (/home/chris/school/ros_catkin/devel/.private/px4/lib/px4/px4-sf0x_tests, /home/chris/school/ros_catkin/devel/lib/px4/px4-sf0x_tests)
Linked: (/home/chris/school/ros_catkin/devel/.private/px4/lib/px4/px4-wind_estimator, /home/chris/school/ros_catkin/devel/lib/px4/px4-wind_estimator)
Linked: (/home/chris/school/ros_catkin/devel/.private/px4/lib/px4/px4-tune_control, /home/chris/school/ros_catkin/devel/lib/px4/px4-tune_control)
Linked: (/home/chris/school/ros_catkin/devel/.private/px4/lib/px4/px4-shutdown, /home/chris/school/ros_catkin/devel/lib/px4/px4-shutdown)
Linked: (/home/chris/school/ros_catkin/devel/.private/px4/lib/px4/px4-dataman, /home/chris/school/ros_catkin/devel/lib/px4/px4-dataman)
Linked: (/home/chris/school/ros_catkin/devel/.private/px4/lib/px4/px4-controllib_test, /home/chris/school/ros_catkin/devel/lib/px4/px4-controllib_test)
Linked: (/home/chris/school/ros_catkin/devel/.private/px4/lib/px4/px4-gnd_att_control, /home/chris/school/ros_catkin/devel/lib/px4/px4-gnd_att_control)
Linked: (/home/chris/school/ros_catkin/devel/.private/px4/lib/px4/px4-teraranger, /home/chris/school/ros_catkin/devel/lib/px4/px4-teraranger)
Linked: (/home/chris/school/ros_catkin/devel/.private/px4/lib/px4/px4-px4_mavlink_debug, /home/chris/school/ros_catkin/devel/lib/px4/px4-px4_mavlink_debug)
Linked: (/home/chris/school/ros_catkin/devel/.private/px4/lib/px4/px4-vl53lxx, /home/chris/school/ros_catkin/devel/lib/px4/px4-vl53lxx)
Linked: (/home/chris/school/ros_catkin/devel/.private/px4/lib/px4/px4-ms4525_airspeed, /home/chris/school/ros_catkin/devel/lib/px4/px4-ms4525_airspeed)
Linked: (/home/chris/school/ros_catkin/devel/.private/px4/lib/px4/px4-barosim, /home/chris/school/ros_catkin/devel/lib/px4/px4-barosim)
Linked: (/home/chris/school/ros_catkin/devel/.private/px4/lib/px4/px4-segway, /home/chris/school/ros_catkin/devel/lib/px4/px4-segway)
Linked: (/home/chris/school/ros_catkin/devel/.private/px4/lib/px4/px4-accelsim, /home/chris/school/ros_catkin/devel/lib/px4/px4-accelsim)
Linked: (/home/chris/school/ros_catkin/devel/.private/px4/lib/px4/px4-landing_target_estimator, /home/chris/school/ros_catkin/devel/lib/px4/px4-landing_target_estimator)
Linked: (/home/chris/school/ros_catkin/devel/.private/px4/lib/px4/px4-srf02, /home/chris/school/ros_catkin/devel/lib/px4/px4-srf02)
Linked: (/home/chris/school/ros_catkin/devel/.private/px4/lib/px4/px4-ex_fixedwing_control, /home/chris/school/ros_catkin/devel/lib/px4/px4-ex_fixedwing_control)
Linked: (/home/chris/school/ros_catkin/devel/.private/px4/lib/px4/px4-hello, /home/chris/school/ros_catkin/devel/lib/px4/px4-hello)
Linked: (/home/chris/school/ros_catkin/devel/.private/px4/lib/px4/px4-param, /home/chris/school/ros_catkin/devel/lib/px4/px4-param)
Linked: (/home/chris/school/ros_catkin/devel/.private/px4/lib/px4/px4-vmount, /home/chris/school/ros_catkin/devel/lib/px4/px4-vmount)
Linked: (/home/chris/school/ros_catkin/devel/.private/px4/lib/px4/px4-position_estimator_inav, /home/chris/school/ros_catkin/devel/lib/px4/px4-position_estimator_inav)
Linked: (/home/chris/school/ros_catkin/devel/.private/px4/lib/px4/px4-ekf2, /home/chris/school/ros_catkin/devel/lib/px4/px4-ekf2)
Linked: (/home/chris/school/ros_catkin/devel/.private/px4/lib/px4/px4-rc_tests, /home/chris/school/ros_catkin/devel/lib/px4/px4-rc_tests)
Linked: (/home/chris/school/ros_catkin/devel/.private/px4/lib/px4/px4-alias.sh, /home/chris/school/ros_catkin/devel/lib/px4/px4-alias.sh)
Linked: (/home/chris/school/ros_catkin/devel/.private/px4/lib/px4/px4-mavlink, /home/chris/school/ros_catkin/devel/lib/px4/px4-mavlink)
Linked: (/home/chris/school/ros_catkin/devel/.private/px4/lib/px4/px4-send_event, /home/chris/school/ros_catkin/devel/lib/px4/px4-send_event)
Linked: (/home/chris/school/ros_catkin/devel/.private/px4/lib/px4/px4-gpssim, /home/chris/school/ros_catkin/devel/lib/px4/px4-gpssim)
Linked: (/home/chris/school/ros_catkin/devel/.private/px4/lib/px4/px4-gyrosim, /home/chris/school/ros_catkin/devel/lib/px4/px4-gyrosim)
Linked: (/home/chris/school/ros_catkin/devel/.private/px4/lib/px4/px4-cdev_test, /home/chris/school/ros_catkin/devel/lib/px4/px4-cdev_test)
Linked: (/home/chris/school/ros_catkin/devel/.private/px4/lib/px4/px4-bottle_drop, /home/chris/school/ros_catkin/devel/lib/px4/px4-bottle_drop)
Linked: (/home/chris/school/ros_catkin/devel/.private/px4/lib/px4/px4-attitude_estimator_q, /home/chris/school/ros_catkin/devel/lib/px4/px4-attitude_estimator_q)
Linked: (/home/chris/school/ros_catkin/devel/.private/px4/lib/px4/px4-camera_feedback, /home/chris/school/ros_catkin/devel/lib/px4/px4-camera_feedback)
Linked: (/home/chris/school/ros_catkin/devel/.private/px4/lib/px4/px4-batt_smbus, /home/chris/school/ros_catkin/devel/lib/px4/px4-batt_smbus)
Linked: (/home/chris/school/ros_catkin/devel/.private/px4/lib/px4/px4-simulator, /home/chris/school/ros_catkin/devel/lib/px4/px4-simulator)
Linked: (/home/chris/school/ros_catkin/devel/.private/px4/lib/px4/px4-navigator, /home/chris/school/ros_catkin/devel/lib/px4/px4-navigator)
Linked: (/home/chris/school/ros_catkin/devel/.private/px4/lib/px4/px4-logger, /home/chris/school/ros_catkin/devel/lib/px4/px4-logger)
Linked: (/home/chris/school/ros_catkin/devel/.private/px4/lib/px4/px4-esc_calib, /home/chris/school/ros_catkin/devel/lib/px4/px4-esc_calib)
Linked: (/home/chris/school/ros_catkin/devel/.private/px4/lib/px4/px4-rover_steering_control, /home/chris/school/ros_catkin/devel/lib/px4/px4-rover_steering_control)
Linked: (/home/chris/school/ros_catkin/devel/.private/px4/lib/px4/px4-replay, /home/chris/school/ros_catkin/devel/lib/px4/px4-replay)
Linked: (/home/chris/school/ros_catkin/devel/.private/px4/lib/px4/px4-tests, /home/chris/school/ros_catkin/devel/lib/px4/px4-tests)
Linked: (/home/chris/school/ros_catkin/devel/.private/px4/lib/px4/px4-perf, /home/chris/school/ros_catkin/devel/lib/px4/px4-perf)
Linked: (/home/chris/school/ros_catkin/devel/.private/px4/lib/px4/px4-ulanding_radar, /home/chris/school/ros_catkin/devel/lib/px4/px4-ulanding_radar)
Linked: (/home/chris/school/ros_catkin/devel/.private/px4/lib/px4/px4-mb12xx, /home/chris/school/ros_catkin/devel/lib/px4/px4-mb12xx)
Linked: (/home/chris/school/ros_catkin/devel/.private/px4/lib/px4/px4-dyn, /home/chris/school/ros_catkin/devel/lib/px4/px4-dyn)
Linked: (/home/chris/school/ros_catkin/devel/.private/px4/lib/px4/px4-listener, /home/chris/school/ros_catkin/devel/lib/px4/px4-listener)
Linked: (/home/chris/school/ros_catkin/devel/.private/px4/lib/px4/px4-land_detector, /home/chris/school/ros_catkin/devel/lib/px4/px4-land_detector)
Linked: (/home/chris/school/ros_catkin/devel/.private/px4/lib/px4/px4-cm8jl65, /home/chris/school/ros_catkin/devel/lib/px4/px4-cm8jl65)
Linked: (/home/chris/school/ros_catkin/devel/.private/px4/lib/px4/px4-sf0x, /home/chris/school/ros_catkin/devel/lib/px4/px4-sf0x)
Linked: (/home/chris/school/ros_catkin/devel/.private/px4/lib/px4/px4-commander_tests, /home/chris/school/ros_catkin/devel/lib/px4/px4-commander_tests)
Linked: (/home/chris/school/ros_catkin/devel/.private/px4/lib/px4/px4-motor_ramp, /home/chris/school/ros_catkin/devel/lib/px4/px4-motor_ramp)
Linked: (/home/chris/school/ros_catkin/devel/.private/px4/lib/px4/px4-sf1xx, /home/chris/school/ros_catkin/devel/lib/px4/px4-sf1xx)
Linked: (/home/chris/school/ros_catkin/devel/.private/px4/lib/px4/px4-reboot, /home/chris/school/ros_catkin/devel/lib/px4/px4-reboot)
Linked: (/home/chris/school/ros_catkin/devel/.private/px4/lib/px4/px4-mixer, /home/chris/school/ros_catkin/devel/lib/px4/px4-mixer)
Linked: (/home/chris/school/ros_catkin/devel/.private/px4/lib/px4/px4-vtol_att_control, /home/chris/school/ros_catkin/devel/lib/px4/px4-vtol_att_control)
Linked: (/home/chris/school/ros_catkin/devel/.private/px4/lib/px4/px4-top, /home/chris/school/ros_catkin/devel/lib/px4/px4-top)
Linked: (/home/chris/school/ros_catkin/devel/.private/px4/lib/px4/px4-mc_pos_control, /home/chris/school/ros_catkin/devel/lib/px4/px4-mc_pos_control)
Linked: (/home/chris/school/ros_catkin/devel/.private/px4/lib/px4/px4-ets_airspeed, /home/chris/school/ros_catkin/devel/lib/px4/px4-ets_airspeed)
Linked: (/home/chris/school/ros_catkin/devel/.private/px4/lib/px4/px4-pwm_out_sim, /home/chris/school/ros_catkin/devel/lib/px4/px4-pwm_out_sim)
Linked: (/home/chris/school/ros_catkin/devel/.private/px4/lib/px4/px4-pga460, /home/chris/school/ros_catkin/devel/lib/px4/px4-pga460)
Linked: (/home/chris/school/ros_catkin/devel/.private/px4/lib/pkgconfig/px4.pc, /home/chris/school/ros_catkin/devel/lib/pkgconfig/px4.pc)
Linked: (/home/chris/school/ros_catkin/devel/.private/px4/share/px4/cmake/px4Config-version.cmake, /home/chris/school/ros_catkin/devel/share/px4/cmake/px4Config-version.cmake)
Linked: (/home/chris/school/ros_catkin/devel/.private/px4/share/px4/cmake/px4Config.cmake, /home/chris/school/ros_catkin/devel/share/px4/cmake/px4Config.cmake)
