Symlinking /home/chris/school/ros_catkin/devel/lib/libFlightTaskAutoFollowMe.a
Symlinking /home/chris/school/ros_catkin/devel/lib/libtunes.a
Symlinking /home/chris/school/ros_catkin/devel/lib/libmathlib.a
Symlinking /home/chris/school/ros_catkin/devel/lib/libdrivers__pga460.a
Symlinking /home/chris/school/ros_catkin/devel/lib/libdrivers__gps.a
Symlinking /home/chris/school/ros_catkin/devel/lib/libecl_validation.a
Symlinking /home/chris/school/ros_catkin/devel/lib/libmodules__gnd_pos_control.a
Symlinking /home/chris/school/ros_catkin/devel/lib/libpwm_limit.a
Symlinking /home/chris/school/ros_catkin/devel/lib/liblaunchdetection.a
Symlinking /home/chris/school/ros_catkin/devel/lib/libmodules__uORB.a
Symlinking /home/chris/school/ros_catkin/devel/lib/librc.a
Symlinking /home/chris/school/ros_catkin/devel/lib/libcontrollib.a
Symlinking /home/chris/school/ros_catkin/devel/lib/libFlightTaskFailsafe.a
Symlinking /home/chris/school/ros_catkin/devel/lib/libmodules__replay.a
Symlinking /home/chris/school/ros_catkin/devel/lib/libsystemcmds__topic_listener.a
Symlinking /home/chris/school/ros_catkin/devel/lib/libwork_queue.a
Symlinking /home/chris/school/ros_catkin/devel/lib/libdrivers__ms5525_airspeed.a
Symlinking /home/chris/school/ros_catkin/devel/lib/librunway_takeoff.a
Symlinking /home/chris/school/ros_catkin/devel/lib/libdrivers__sf1xx.a
Symlinking /home/chris/school/ros_catkin/devel/lib/libairspeed.a
Symlinking /home/chris/school/ros_catkin/devel/lib/examples__dyn_hello.px4mod
Symlinking /home/chris/school/ros_catkin/devel/lib/libFlightTaskManualAltitude.a
Symlinking /home/chris/school/ros_catkin/devel/lib/libuorb_msgs.a
Symlinking /home/chris/school/ros_catkin/devel/lib/libdrivers__srf02.a
Symlinking /home/chris/school/ros_catkin/devel/lib/libmodules__mc_pos_control.a
Symlinking /home/chris/school/ros_catkin/devel/lib/libmodules__uORB__uORB_tests.a
Symlinking /home/chris/school/ros_catkin/devel/lib/libCollisionPrevention.a
Symlinking /home/chris/school/ros_catkin/devel/lib/libmodules__land_detector.a
Symlinking /home/chris/school/ros_catkin/devel/lib/libdrivers__airspeed.a
Symlinking /home/chris/school/ros_catkin/devel/lib/libdrivers__gpssim.a
Symlinking /home/chris/school/ros_catkin/devel/lib/libpid.a
Symlinking /home/chris/school/ros_catkin/devel/lib/libversion.a
Symlinking /home/chris/school/ros_catkin/devel/lib/libexamples__fixedwing_control.a
Symlinking /home/chris/school/ros_catkin/devel/lib/libsystemcmds__motor_ramp.a
Symlinking /home/chris/school/ros_catkin/devel/lib/libdrivers__batt_smbus.a
Symlinking /home/chris/school/ros_catkin/devel/lib/libperf.a
Symlinking /home/chris/school/ros_catkin/devel/lib/libdrivers__camera_trigger.a
Symlinking /home/chris/school/ros_catkin/devel/lib/libdrivers__pwm_out_sim.a
Symlinking /home/chris/school/ros_catkin/devel/lib/libFlightTaskManualPosition.a
Symlinking /home/chris/school/ros_catkin/devel/lib/libdrivers__cm8jl65.a
Symlinking /home/chris/school/ros_catkin/devel/lib/libsystemcmds__esc_calib.a
Symlinking /home/chris/school/ros_catkin/devel/lib/libmodules__position_estimator_inav.a
Symlinking /home/chris/school/ros_catkin/devel/lib/libFlightTaskUtility.a
Symlinking /home/chris/school/ros_catkin/devel/lib/libmodules__bottle_drop.a
Symlinking /home/chris/school/ros_catkin/devel/lib/libmodules__fw_att_control.a
Symlinking /home/chris/school/ros_catkin/devel/lib/libmodules__wind_estimator.a
Symlinking /home/chris/school/ros_catkin/devel/lib/libmodules__vtol_att_control.a
Symlinking /home/chris/school/ros_catkin/devel/lib/libcircuit_breaker.a
Symlinking /home/chris/school/ros_catkin/devel/lib/libFlightTaskOffboard.a
Symlinking /home/chris/school/ros_catkin/devel/lib/libdf_driver_framework.a
Symlinking /home/chris/school/ros_catkin/devel/lib/libsystemcmds__shutdown.a
Symlinking /home/chris/school/ros_catkin/devel/lib/liblanding_slope.a
Symlinking /home/chris/school/ros_catkin/devel/lib/libdrivers__barosim.a
Symlinking /home/chris/school/ros_catkin/devel/lib/libsystemcmds__param.a
Symlinking /home/chris/school/ros_catkin/devel/lib/libecl_tecs.a
Symlinking /home/chris/school/ros_catkin/devel/lib/libdrivers__led.a
Symlinking /home/chris/school/ros_catkin/devel/lib/libmodules__events.a
Symlinking /home/chris/school/ros_catkin/devel/lib/libexamples__rover_steering_control.a
Symlinking /home/chris/school/ros_catkin/devel/lib/libFlightTaskManualPositionSmoothVel.a
Symlinking /home/chris/school/ros_catkin/devel/lib/libFlightTaskManualAltitudeSmooth.a
Symlinking /home/chris/school/ros_catkin/devel/lib/libexamples__px4_mavlink_debug.a
Symlinking /home/chris/school/ros_catkin/devel/lib/libdrivers__sf0x__sf0x_tests.a
Symlinking /home/chris/school/ros_catkin/devel/lib/libpx4_layer.a
Symlinking /home/chris/school/ros_catkin/devel/lib/libcdev.a
Symlinking /home/chris/school/ros_catkin/devel/lib/libsystemcmds__top.a
Symlinking /home/chris/school/ros_catkin/devel/lib/libmodules__attitude_estimator_q.a
Symlinking /home/chris/school/ros_catkin/devel/lib/libmodules__commander__commander_tests.a
Symlinking /home/chris/school/ros_catkin/devel/lib/libconversion.a
Symlinking /home/chris/school/ros_catkin/devel/lib/libmodules__load_mon.a
Symlinking /home/chris/school/ros_catkin/devel/lib/libmodules__sensors.a
Symlinking /home/chris/school/ros_catkin/devel/lib/libexamples__px4_simple_app.a
Symlinking /home/chris/school/ros_catkin/devel/lib/libdrivers__teraranger.a
Symlinking /home/chris/school/ros_catkin/devel/lib/libtinybson.a
Symlinking /home/chris/school/ros_catkin/devel/lib/libdrivers__ll40ls.a
Symlinking /home/chris/school/ros_catkin/devel/lib/libdrivers__ets_airspeed.a
Symlinking /home/chris/school/ros_catkin/devel/lib/libsystemcmds__ver.a
Symlinking /home/chris/school/ros_catkin/devel/lib/libdrivers__mb12xx.a
Symlinking /home/chris/school/ros_catkin/devel/lib/libfailure_detector.a
Symlinking /home/chris/school/ros_catkin/devel/lib/libFlightTaskAuto.a
Symlinking /home/chris/school/ros_catkin/devel/lib/libsystemcmds__reboot.a
Symlinking /home/chris/school/ros_catkin/devel/lib/libdrivers__airspeedsim.a
Symlinking /home/chris/school/ros_catkin/devel/lib/libdrivers__device.a
Symlinking /home/chris/school/ros_catkin/devel/lib/libFlightTaskAutoMapper.a
Symlinking /home/chris/school/ros_catkin/devel/lib/libmodules__mavlink.a
Symlinking /home/chris/school/ros_catkin/devel/lib/libFlightTaskManual.a
Symlinking /home/chris/school/ros_catkin/devel/lib/libFlightTaskManualAltitudeSmoothVel.a
Symlinking /home/chris/school/ros_catkin/devel/lib/libmodules__mc_att_control.a
Symlinking /home/chris/school/ros_catkin/devel/lib/libsystemcmds__tests.a
Symlinking /home/chris/school/ros_catkin/devel/lib/libsystemlib.a
Symlinking /home/chris/school/ros_catkin/devel/lib/libdrivers__tone_alarm.a
Symlinking /home/chris/school/ros_catkin/devel/lib/liblib__rc__rc_tests.a
Symlinking /home/chris/school/ros_catkin/devel/lib/libecl_l1.a
Symlinking /home/chris/school/ros_catkin/devel/lib/libdrivers__ledsim.a
Symlinking /home/chris/school/ros_catkin/devel/lib/libdrivers__ulanding.a
Symlinking /home/chris/school/ros_catkin/devel/lib/liblockstep_scheduler.a
Symlinking /home/chris/school/ros_catkin/devel/lib/libpx4_platform.a
Symlinking /home/chris/school/ros_catkin/devel/lib/liblib__controllib__controllib_test.a
Symlinking /home/chris/school/ros_catkin/devel/lib/libdrivers__ms4525_airspeed.a
Symlinking /home/chris/school/ros_catkin/devel/lib/libFlightTask.a
Symlinking /home/chris/school/ros_catkin/devel/lib/libFlightTaskTransition.a
Symlinking /home/chris/school/ros_catkin/devel/lib/libFlightTaskManualPositionSmooth.a
Symlinking /home/chris/school/ros_catkin/devel/lib/libecl_EKF.a
Symlinking /home/chris/school/ros_catkin/devel/lib/libsystemcmds__tune_control.a
Symlinking /home/chris/school/ros_catkin/devel/lib/libsystemcmds__pwm.a
Symlinking /home/chris/school/ros_catkin/devel/lib/libmodules__local_position_estimator.a
Symlinking /home/chris/school/ros_catkin/devel/lib/libmodules__navigator.a
Symlinking /home/chris/school/ros_catkin/devel/lib/libFlightTaskAutoLine.a
Symlinking /home/chris/school/ros_catkin/devel/lib/libsystemcmds__mixer.a
Symlinking /home/chris/school/ros_catkin/devel/lib/libmodules__gnd_att_control.a
Symlinking /home/chris/school/ros_catkin/devel/lib/libdrivers__sf0x.a
Symlinking /home/chris/school/ros_catkin/devel/lib/libmodules__ekf2.a
Symlinking /home/chris/school/ros_catkin/devel/lib/libFlightTaskAutoMapper2.a
Symlinking /home/chris/school/ros_catkin/devel/lib/libdrivers__smbus.a
Symlinking /home/chris/school/ros_catkin/devel/lib/libbattery.a
Symlinking /home/chris/school/ros_catkin/devel/lib/libsystemcmds__led_control.a
Symlinking /home/chris/school/ros_catkin/devel/lib/libdrivers__sdp3x_airspeed.a
Symlinking /home/chris/school/ros_catkin/devel/lib/libdrivers__accelsim.a
Symlinking /home/chris/school/ros_catkin/devel/lib/libmodules__dataman.a
Symlinking /home/chris/school/ros_catkin/devel/lib/libWeatherVane.a
Symlinking /home/chris/school/ros_catkin/devel/lib/libdrivers__tfmini.a
Symlinking /home/chris/school/ros_catkin/devel/lib/libmodules__logger.a
Symlinking /home/chris/school/ros_catkin/devel/lib/libecl_airdata.a
Symlinking /home/chris/school/ros_catkin/devel/lib/libdrivers__vmount.a
Symlinking /home/chris/school/ros_catkin/devel/lib/libmodules__mavlink__mavlink_tests.a
Symlinking /home/chris/school/ros_catkin/devel/lib/liblib__cdev__test__cdev_test.a
Symlinking /home/chris/school/ros_catkin/devel/lib/libFlightTasks.a
Symlinking /home/chris/school/ros_catkin/devel/lib/libdrivers__leddar_one.a
Symlinking /home/chris/school/ros_catkin/devel/lib/libmodules__landing_target_estimator.a
Symlinking /home/chris/school/ros_catkin/devel/lib/libecl_attitude_fw.a
Symlinking /home/chris/school/ros_catkin/devel/lib/libAttitudeControl.a
Symlinking /home/chris/school/ros_catkin/devel/lib/libterrain_estimation.a
Symlinking /home/chris/school/ros_catkin/devel/lib/libecl_geo_lookup.a
Symlinking /home/chris/school/ros_catkin/devel/lib/libtone_alarm_interface.a
Symlinking /home/chris/school/ros_catkin/devel/lib/libdrivers__vl53lxx.a
Symlinking /home/chris/school/ros_catkin/devel/lib/libmixer.a
Symlinking /home/chris/school/ros_catkin/devel/lib/libdrivers__gyrosim.a
Symlinking /home/chris/school/ros_catkin/devel/lib/libmodules__simulator.a
Symlinking /home/chris/school/ros_catkin/devel/lib/libsystemcmds__sd_bench.a
Symlinking /home/chris/school/ros_catkin/devel/lib/libpx4_daemon.a
Symlinking /home/chris/school/ros_catkin/devel/lib/libsystemcmds__perf.a
Symlinking /home/chris/school/ros_catkin/devel/lib/libecl_geo.a
Symlinking /home/chris/school/ros_catkin/devel/lib/libdrivers_board.a
Symlinking /home/chris/school/ros_catkin/devel/lib/libFlightTaskAutoLineSmoothVel.a
Symlinking /home/chris/school/ros_catkin/devel/lib/libsystemcmds__dyn.a
Symlinking /home/chris/school/ros_catkin/devel/lib/libexamples__segway.a
Symlinking /home/chris/school/ros_catkin/devel/lib/libexamples__hello.a
Symlinking /home/chris/school/ros_catkin/devel/lib/libmodules__commander.a
Symlinking /home/chris/school/ros_catkin/devel/lib/libmodules__camera_feedback.a
Symlinking /home/chris/school/ros_catkin/devel/lib/libparameters.a
Symlinking /home/chris/school/ros_catkin/devel/lib/libFlightTaskOrbit.a
Symlinking /home/chris/school/ros_catkin/devel/lib/libsystemcmds__tests__hrt_test.a
Symlinking /home/chris/school/ros_catkin/devel/lib/libmodules__fw_pos_control_l1.a
Symlinking /home/chris/school/ros_catkin/devel/lib/px4/px4-mc_att_control
Symlinking /home/chris/school/ros_catkin/devel/lib/px4/px4-sensors
Symlinking /home/chris/school/ros_catkin/devel/lib/px4/px4-sd_bench
Symlinking /home/chris/school/ros_catkin/devel/lib/px4/px4-tfmini
Symlinking /home/chris/school/ros_catkin/devel/lib/px4/px4-mavlink_tests
Symlinking /home/chris/school/ros_catkin/devel/lib/px4/px4
Symlinking /home/chris/school/ros_catkin/devel/lib/px4/px4-commander
Symlinking /home/chris/school/ros_catkin/devel/lib/px4/px4-tone_alarm
Symlinking /home/chris/school/ros_catkin/devel/lib/px4/px4-gps
Symlinking /home/chris/school/ros_catkin/devel/lib/px4/px4-local_position_estimator
Symlinking /home/chris/school/ros_catkin/devel/lib/px4/px4-leddar_one
Symlinking /home/chris/school/ros_catkin/devel/lib/px4/px4-measairspeedsim
Symlinking /home/chris/school/ros_catkin/devel/lib/px4/px4-hrt_test
Symlinking /home/chris/school/ros_catkin/devel/lib/px4/px4-ll40ls
Symlinking /home/chris/school/ros_catkin/devel/lib/px4/px4-sdp3x_airspeed
Symlinking /home/chris/school/ros_catkin/devel/lib/px4/px4-uorb
Symlinking /home/chris/school/ros_catkin/devel/lib/px4/px4-pwm
Symlinking /home/chris/school/ros_catkin/devel/lib/px4/px4-load_mon
Symlinking /home/chris/school/ros_catkin/devel/lib/px4/px4-fw_pos_control_l1
Symlinking /home/chris/school/ros_catkin/devel/lib/px4/px4-fw_att_control
Symlinking /home/chris/school/ros_catkin/devel/lib/px4/px4-gnd_pos_control
Symlinking /home/chris/school/ros_catkin/devel/lib/px4/px4-camera_trigger
Symlinking /home/chris/school/ros_catkin/devel/lib/px4/px4-led_control
Symlinking /home/chris/school/ros_catkin/devel/lib/px4/px4-uorb_tests
Symlinking /home/chris/school/ros_catkin/devel/lib/px4/px4-ms5525_airspeed
Symlinking /home/chris/school/ros_catkin/devel/lib/px4/px4-px4_simple_app
Symlinking /home/chris/school/ros_catkin/devel/lib/px4/px4-ver
Symlinking /home/chris/school/ros_catkin/devel/lib/px4/px4-sf0x_tests
Symlinking /home/chris/school/ros_catkin/devel/lib/px4/px4-wind_estimator
Symlinking /home/chris/school/ros_catkin/devel/lib/px4/px4-tune_control
Symlinking /home/chris/school/ros_catkin/devel/lib/px4/px4-shutdown
Symlinking /home/chris/school/ros_catkin/devel/lib/px4/px4-dataman
Symlinking /home/chris/school/ros_catkin/devel/lib/px4/px4-controllib_test
Symlinking /home/chris/school/ros_catkin/devel/lib/px4/px4-gnd_att_control
Symlinking /home/chris/school/ros_catkin/devel/lib/px4/px4-teraranger
Symlinking /home/chris/school/ros_catkin/devel/lib/px4/px4-px4_mavlink_debug
Symlinking /home/chris/school/ros_catkin/devel/lib/px4/px4-vl53lxx
Symlinking /home/chris/school/ros_catkin/devel/lib/px4/px4-ms4525_airspeed
Symlinking /home/chris/school/ros_catkin/devel/lib/px4/px4-barosim
Symlinking /home/chris/school/ros_catkin/devel/lib/px4/px4-segway
Symlinking /home/chris/school/ros_catkin/devel/lib/px4/px4-accelsim
Symlinking /home/chris/school/ros_catkin/devel/lib/px4/px4-landing_target_estimator
Symlinking /home/chris/school/ros_catkin/devel/lib/px4/px4-srf02
Symlinking /home/chris/school/ros_catkin/devel/lib/px4/px4-ex_fixedwing_control
Symlinking /home/chris/school/ros_catkin/devel/lib/px4/px4-hello
Symlinking /home/chris/school/ros_catkin/devel/lib/px4/px4-param
Symlinking /home/chris/school/ros_catkin/devel/lib/px4/px4-vmount
Symlinking /home/chris/school/ros_catkin/devel/lib/px4/px4-position_estimator_inav
Symlinking /home/chris/school/ros_catkin/devel/lib/px4/px4-ekf2
Symlinking /home/chris/school/ros_catkin/devel/lib/px4/px4-rc_tests
Symlinking /home/chris/school/ros_catkin/devel/lib/px4/px4-alias.sh
Symlinking /home/chris/school/ros_catkin/devel/lib/px4/px4-mavlink
Symlinking /home/chris/school/ros_catkin/devel/lib/px4/px4-send_event
Symlinking /home/chris/school/ros_catkin/devel/lib/px4/px4-gpssim
Symlinking /home/chris/school/ros_catkin/devel/lib/px4/px4-gyrosim
Symlinking /home/chris/school/ros_catkin/devel/lib/px4/px4-cdev_test
Symlinking /home/chris/school/ros_catkin/devel/lib/px4/px4-bottle_drop
Symlinking /home/chris/school/ros_catkin/devel/lib/px4/px4-attitude_estimator_q
Symlinking /home/chris/school/ros_catkin/devel/lib/px4/px4-camera_feedback
Symlinking /home/chris/school/ros_catkin/devel/lib/px4/px4-batt_smbus
Symlinking /home/chris/school/ros_catkin/devel/lib/px4/px4-simulator
Symlinking /home/chris/school/ros_catkin/devel/lib/px4/px4-navigator
Symlinking /home/chris/school/ros_catkin/devel/lib/px4/px4-logger
Symlinking /home/chris/school/ros_catkin/devel/lib/px4/px4-esc_calib
Symlinking /home/chris/school/ros_catkin/devel/lib/px4/px4-rover_steering_control
Symlinking /home/chris/school/ros_catkin/devel/lib/px4/px4-replay
Symlinking /home/chris/school/ros_catkin/devel/lib/px4/px4-tests
Symlinking /home/chris/school/ros_catkin/devel/lib/px4/px4-perf
Symlinking /home/chris/school/ros_catkin/devel/lib/px4/px4-ulanding_radar
Symlinking /home/chris/school/ros_catkin/devel/lib/px4/px4-mb12xx
Symlinking /home/chris/school/ros_catkin/devel/lib/px4/px4-dyn
Symlinking /home/chris/school/ros_catkin/devel/lib/px4/px4-listener
Symlinking /home/chris/school/ros_catkin/devel/lib/px4/px4-land_detector
Symlinking /home/chris/school/ros_catkin/devel/lib/px4/px4-cm8jl65
Symlinking /home/chris/school/ros_catkin/devel/lib/px4/px4-sf0x
Symlinking /home/chris/school/ros_catkin/devel/lib/px4/px4-commander_tests
Symlinking /home/chris/school/ros_catkin/devel/lib/px4/px4-motor_ramp
Symlinking /home/chris/school/ros_catkin/devel/lib/px4/px4-sf1xx
Symlinking /home/chris/school/ros_catkin/devel/lib/px4/px4-reboot
Symlinking /home/chris/school/ros_catkin/devel/lib/px4/px4-mixer
Symlinking /home/chris/school/ros_catkin/devel/lib/px4/px4-vtol_att_control
Symlinking /home/chris/school/ros_catkin/devel/lib/px4/px4-top
Symlinking /home/chris/school/ros_catkin/devel/lib/px4/px4-mc_pos_control
Symlinking /home/chris/school/ros_catkin/devel/lib/px4/px4-ets_airspeed
Symlinking /home/chris/school/ros_catkin/devel/lib/px4/px4-pwm_out_sim
Symlinking /home/chris/school/ros_catkin/devel/lib/px4/px4-pga460
Symlinking /home/chris/school/ros_catkin/devel/lib/pkgconfig/px4.pc
Symlinking /home/chris/school/ros_catkin/devel/share/px4/cmake/px4Config-version.cmake
Symlinking /home/chris/school/ros_catkin/devel/share/px4/cmake/px4Config.cmake
