[  2%] Built target df_driver_framework
[  2%] Built target lockstep_scheduler
[  2%] [34m[1mGenerating uORB topic headers[0m
[  2%] Built target mixer_gen
[  2%] Built target mixer_gen_6dof
[  2%] Built target ver_gen
[  2%] Built target git_gps_devices
[  2%] Built target git_ecl
[  2%] Built target git_mavlink_v2
[  2%] [34m[1mGenerating ../../logs[0m
[  2%] Built target logs_symlink
[  2%] Built target uorb_headers
[  2%] Built target tinybson
[  2%] Built target ecl_geo_lookup
[  3%] Built target perf
[  4%] Built target ecl_geo
[  5%] Built target ecl_airdata
[  5%] Built target ecl_attitude_fw
[  7%] Built target work_queue
[  8%] Built target mixer
[  8%] Built target ecl_validation
[  9%] Built target ecl_tecs
[ 10%] Built target rc
[ 10%] Built target ecl_l1
[ 11%] Built target parameters
[ 28%] Built target uorb_msgs
[ 28%] Built target generate_topic_listener
[ 28%] Built target px4_layer
[ 29%] Built target px4_daemon
[ 30%] Built target modules__uORB
[ 31%] Built target px4_platform
[ 32%] Built target systemlib
[ 33%] Built target cdev
[ 34%] Built target tone_alarm_interface
[ 34%] Built target airspeed
[ 34%] Built target AttitudeControl
[ 35%] Built target failure_detector
[ 35%] Built target launchdetection
[ 35%] Built target runway_takeoff
[ 35%] Built target drivers_board
[ 36%] Built target drivers__device
[ 38%] Built target battery
[ 38%] Built target lib__cdev__test__cdev_test
[ 38%] Built target circuit_breaker
[ 38%] Built target CollisionPrevention
[ 38%] Built target lib__controllib__controllib_test
[ 38%] Built target conversion
[ 39%] Built target drivers__smbus
[ 41%] Built target controllib
[ 42%] Built target mathlib
[ 42%] Built target pid
[ 42%] Built target FlightTask
[ 43%] Built target landing_slope
[ 43%] Built target lib__rc__rc_tests
[ 43%] Built target pwm_limit
[ 43%] Built target tunes
[ 43%] Built target terrain_estimation
[ 43%] Built target drivers__batt_smbus
[ 43%] Built target WeatherVane
[ 44%] Built target version
[ 45%] Built target drivers__camera_trigger
[ 45%] Built target drivers__cm8jl65
[ 45%] Built target modules__uORB__uORB_tests
[ 45%] Built target drivers__leddar_one
[ 45%] Built target drivers__ll40ls
[ 46%] Built target drivers__mb12xx
[ 46%] Built target drivers__sf0x
[ 47%] Built target drivers__pga460
[ 47%] Built target drivers__sf0x__sf0x_tests
[ 47%] Built target drivers__sf1xx
[ 47%] Built target drivers__srf02
[ 47%] Built target drivers__teraranger
[ 48%] Built target drivers__tfmini
[ 48%] Built target drivers__ulanding
[ 48%] Built target drivers__vl53lxx
[ 50%] Built target drivers__gps
[ 50%] Built target drivers__tone_alarm
[ 50%] Built target drivers__pwm_out_sim
[ 51%] Built target modules__attitude_estimator_q
[ 51%] Built target modules__camera_feedback
[ 51%] Built target modules__dataman
[ 52%] Built target modules__commander__commander_tests
[ 54%] Built target modules__commander
[ 56%] Built target modules__events
[ 56%] Built target modules__fw_pos_control_l1
[ 56%] Built target modules__fw_att_control
[ 56%] Built target modules__gnd_att_control
[ 57%] Built target modules__gnd_pos_control
[ 57%] Built target modules__load_mon
[ 58%] Built target modules__land_detector
[ 58%] Built target modules__landing_target_estimator
[ 59%] Built target modules__logger
[ 59%] Built target modules__mc_att_control
[ 61%] Built target modules__local_position_estimator
[ 63%] Built target modules__replay
[ 64%] Built target modules__mavlink__mavlink_tests
[ 64%] Built target modules__sensors
[ 66%] Built target drivers__vmount
[ 67%] Built target modules__vtol_att_control
[ 69%] Built target modules__navigator
[ 69%] Built target systemcmds__dyn
[ 69%] Built target modules__wind_estimator
[ 69%] Built target systemcmds__esc_calib
[ 69%] Built target systemcmds__led_control
[ 71%] Built target modules__mavlink
[ 72%] Built target systemcmds__mixer
[ 72%] Built target systemcmds__motor_ramp
[ 72%] Built target systemcmds__param
[ 72%] Built target systemcmds__perf
[ 73%] Built target systemcmds__pwm
[ 73%] Built target systemcmds__reboot
[ 73%] Built target systemcmds__shutdown
[ 73%] Built target systemcmds__sd_bench
[ 75%] Built target systemcmds__tests__hrt_test
[ 75%] Built target systemcmds__top
[ 77%] Built target systemcmds__tune_control
[ 81%] Built target systemcmds__tests
[ 81%] Built target systemcmds__ver
[ 82%] Built target systemcmds__topic_listener
[ 82%] Built target examples__fixedwing_control
[ 82%] Built target modules__bottle_drop
[ 82%] Built target modules__position_estimator_inav
[ 83%] Built target examples__hello
[ 84%] Built target examples__rover_steering_control
[ 84%] Built target examples__px4_mavlink_debug
[ 84%] Built target examples__px4_simple_app
[ 84%] Built target examples__segway
[ 84%] Built target drivers__led
[ 84%] Built target drivers__airspeed
[ 85%] Built target FlightTaskManual
[ 85%] Built target FlightTaskOffboard
[ 85%] Built target FlightTaskFailsafe
[ 88%] Built target ecl_EKF
[ 89%] Built target FlightTaskUtility
[ 90%] Built target drivers__ledsim
[ 90%] Built target FlightTaskTransition
[ 90%] Built target drivers__ets_airspeed
[ 90%] Built target drivers__ms4525_airspeed
[ 90%] Built target drivers__ms5525_airspeed
[ 90%] Built target modules__ekf2
[ 90%] Built target FlightTaskManualAltitude
[ 91%] Built target FlightTaskAuto
[ 91%] Built target drivers__sdp3x_airspeed
[ 92%] Built target modules__simulator
[ 93%] Built target FlightTaskManualPosition
[ 93%] Built target FlightTaskManualAltitudeSmooth
[ 93%] Built target FlightTaskAutoFollowMe
[ 93%] Built target FlightTaskManualAltitudeSmoothVel
[ 94%] Built target FlightTaskAutoMapper
[ 94%] Built target FlightTaskAutoMapper2
[ 94%] Built target FlightTaskManualPositionSmoothVel
[ 94%] Built target FlightTaskManualPositionSmooth
[ 95%] Built target drivers__airspeedsim
[ 95%] Built target drivers__gyrosim
[ 95%] Built target FlightTaskAutoLine
[ 95%] Built target drivers__barosim
[ 95%] Built target drivers__accelsim
[ 96%] Built target drivers__gpssim
[ 97%] Built target FlightTaskOrbit
[ 97%] Built target FlightTaskAutoLineSmoothVel
[ 97%] Built target FlightTasks
[ 98%] Built target modules__mc_pos_control
[100%] Built target px4
[100%] Built target examples__dyn_hello
