[  0%] [32mBuilding CXX object platforms/posix/src/lockstep_scheduler/CMakeFiles/lockstep_scheduler.dir/src/lockstep_scheduler.cpp.o[0m
[  0%] Built target mixer_gen
[  0%] Built target git_gps_devices
/bin/sh: 1: /usr/bin/ccache: not found
platforms/posix/src/lockstep_scheduler/CMakeFiles/lockstep_scheduler.dir/build.make:62: recipe for target 'platforms/posix/src/lockstep_scheduler/CMakeFiles/lockstep_scheduler.dir/src/lockstep_scheduler.cpp.o' failed
make[2]: *** [platforms/posix/src/lockstep_scheduler/CMakeFiles/lockstep_scheduler.dir/src/lockstep_scheduler.cpp.o] Error 127
make[1]: *** [platforms/posix/src/lockstep_scheduler/CMakeFiles/lockstep_scheduler.dir/all] Error 2
make[1]: *** Waiting for unfinished jobs....
CMakeFiles/Makefile2:23673: recipe for target 'platforms/posix/src/lockstep_scheduler/CMakeFiles/lockstep_scheduler.dir/all' failed
[  0%] Built target ver_gen
[  0%] [32mBuilding CXX object src/lib/DriverFramework/framework/src/CMakeFiles/df_driver_framework.dir/DriverFramework.cpp.o[0m
[  0%] Built target mixer_gen_6dof
/bin/sh: 1: /usr/bin/ccache: not found
src/lib/DriverFramework/framework/src/CMakeFiles/df_driver_framework.dir/build.make:62: recipe for target 'src/lib/DriverFramework/framework/src/CMakeFiles/df_driver_framework.dir/DriverFramework.cpp.o' failed
make[2]: *** [src/lib/DriverFramework/framework/src/CMakeFiles/df_driver_framework.dir/DriverFramework.cpp.o] Error 127
make[2]: *** Waiting for unfinished jobs....
[  0%] [32mBuilding CXX object src/lib/DriverFramework/framework/src/CMakeFiles/df_driver_framework.dir/DevMgr.cpp.o[0m
[  0%] [32mBuilding CXX object src/lib/DriverFramework/framework/src/CMakeFiles/df_driver_framework.dir/WorkMgr.cpp.o[0m
[  0%] [32mBuilding CXX object src/lib/DriverFramework/framework/src/CMakeFiles/df_driver_framework.dir/WorkItems.cpp.o[0m
[  0%] [34m[1mGenerating uORB topic headers[0m
/bin/sh: 1: /usr/bin/ccache: not found
make[2]: *** [src/lib/DriverFramework/framework/src/CMakeFiles/df_driver_framework.dir/DevMgr.cpp.o] Error 127
src/lib/DriverFramework/framework/src/CMakeFiles/df_driver_framework.dir/build.make:134: recipe for target 'src/lib/DriverFramework/framework/src/CMakeFiles/df_driver_framework.dir/DevMgr.cpp.o' failed
/bin/sh: 1: /usr/bin/ccache: not found
src/lib/DriverFramework/framework/src/CMakeFiles/df_driver_framework.dir/build.make:86: recipe for target 'src/lib/DriverFramework/framework/src/CMakeFiles/df_driver_framework.dir/WorkMgr.cpp.o' failed
make[2]: *** [src/lib/DriverFramework/framework/src/CMakeFiles/df_driver_framework.dir/WorkMgr.cpp.o] Error 127
/bin/sh: 1: /usr/bin/ccache: not found
src/lib/DriverFramework/framework/src/CMakeFiles/df_driver_framework.dir/build.make:110: recipe for target 'src/lib/DriverFramework/framework/src/CMakeFiles/df_driver_framework.dir/WorkItems.cpp.o' failed
make[2]: *** [src/lib/DriverFramework/framework/src/CMakeFiles/df_driver_framework.dir/WorkItems.cpp.o] Error 127
[  0%] [32mBuilding CXX object src/lib/DriverFramework/framework/src/CMakeFiles/df_driver_framework.dir/DevObj.cpp.o[0m
/bin/sh: 1: /usr/bin/ccache: not found
src/lib/DriverFramework/framework/src/CMakeFiles/df_driver_framework.dir/build.make:158: recipe for target 'src/lib/DriverFramework/framework/src/CMakeFiles/df_driver_framework.dir/DevObj.cpp.o' failed
make[2]: *** [src/lib/DriverFramework/framework/src/CMakeFiles/df_driver_framework.dir/DevObj.cpp.o] Error 127
CMakeFiles/Makefile2:1751: recipe for target 'src/lib/DriverFramework/framework/src/CMakeFiles/df_driver_framework.dir/all' failed
make[1]: *** [src/lib/DriverFramework/framework/src/CMakeFiles/df_driver_framework.dir/all] Error 2
[  0%] Built target git_ecl
[  0%] Built target uorb_headers
Makefile:162: recipe for target 'all' failed
make: *** [all] Error 2
