Linked: (/home/chris/school/ros_catkin/devel/.private/mandatory_2/share/roseus/ros/mandatory_2/manifest.l, /home/chris/school/ros_catkin/devel/share/roseus/ros/mandatory_2/manifest.l)
Linked: (/home/chris/school/ros_catkin/devel/.private/mandatory_2/share/roseus/ros/mandatory_2/msg/Kalman_feedback_array.l, /home/chris/school/ros_catkin/devel/share/roseus/ros/mandatory_2/msg/Kalman_feedback_array.l)
Linked: (/home/chris/school/ros_catkin/devel/.private/mandatory_2/share/roseus/ros/mandatory_2/msg/Kalman_feedback.l, /home/chris/school/ros_catkin/devel/share/roseus/ros/mandatory_2/msg/Kalman_feedback.l)
Linked: (/home/chris/school/ros_catkin/devel/.private/mandatory_2/share/roseus/ros/mandatory_2/msg/Num_array.l, /home/chris/school/ros_catkin/devel/share/roseus/ros/mandatory_2/msg/Num_array.l)
Linked: (/home/chris/school/ros_catkin/devel/.private/mandatory_2/share/roseus/ros/mandatory_2/msg/Num.l, /home/chris/school/ros_catkin/devel/share/roseus/ros/mandatory_2/msg/Num.l)
Linked: (/home/chris/school/ros_catkin/devel/.private/mandatory_2/share/gennodejs/ros/mandatory_2/_index.js, /home/chris/school/ros_catkin/devel/share/gennodejs/ros/mandatory_2/_index.js)
Linked: (/home/chris/school/ros_catkin/devel/.private/mandatory_2/share/gennodejs/ros/mandatory_2/msg/Kalman_feedback_array.js, /home/chris/school/ros_catkin/devel/share/gennodejs/ros/mandatory_2/msg/Kalman_feedback_array.js)
Linked: (/home/chris/school/ros_catkin/devel/.private/mandatory_2/share/gennodejs/ros/mandatory_2/msg/_index.js, /home/chris/school/ros_catkin/devel/share/gennodejs/ros/mandatory_2/msg/_index.js)
Linked: (/home/chris/school/ros_catkin/devel/.private/mandatory_2/share/gennodejs/ros/mandatory_2/msg/Num_array.js, /home/chris/school/ros_catkin/devel/share/gennodejs/ros/mandatory_2/msg/Num_array.js)
Linked: (/home/chris/school/ros_catkin/devel/.private/mandatory_2/share/gennodejs/ros/mandatory_2/msg/Num.js, /home/chris/school/ros_catkin/devel/share/gennodejs/ros/mandatory_2/msg/Num.js)
Linked: (/home/chris/school/ros_catkin/devel/.private/mandatory_2/share/gennodejs/ros/mandatory_2/msg/Kalman_feedback.js, /home/chris/school/ros_catkin/devel/share/gennodejs/ros/mandatory_2/msg/Kalman_feedback.js)
Linked: (/home/chris/school/ros_catkin/devel/.private/mandatory_2/share/common-lisp/ros/mandatory_2/msg/Num.lisp, /home/chris/school/ros_catkin/devel/share/common-lisp/ros/mandatory_2/msg/Num.lisp)
Linked: (/home/chris/school/ros_catkin/devel/.private/mandatory_2/share/common-lisp/ros/mandatory_2/msg/Kalman_feedback_array.lisp, /home/chris/school/ros_catkin/devel/share/common-lisp/ros/mandatory_2/msg/Kalman_feedback_array.lisp)
Linked: (/home/chris/school/ros_catkin/devel/.private/mandatory_2/share/common-lisp/ros/mandatory_2/msg/_package_Num_array.lisp, /home/chris/school/ros_catkin/devel/share/common-lisp/ros/mandatory_2/msg/_package_Num_array.lisp)
Linked: (/home/chris/school/ros_catkin/devel/.private/mandatory_2/share/common-lisp/ros/mandatory_2/msg/mandatory_2-msg.asd, /home/chris/school/ros_catkin/devel/share/common-lisp/ros/mandatory_2/msg/mandatory_2-msg.asd)
Linked: (/home/chris/school/ros_catkin/devel/.private/mandatory_2/share/common-lisp/ros/mandatory_2/msg/Num_array.lisp, /home/chris/school/ros_catkin/devel/share/common-lisp/ros/mandatory_2/msg/Num_array.lisp)
Linked: (/home/chris/school/ros_catkin/devel/.private/mandatory_2/share/common-lisp/ros/mandatory_2/msg/_package.lisp, /home/chris/school/ros_catkin/devel/share/common-lisp/ros/mandatory_2/msg/_package.lisp)
Linked: (/home/chris/school/ros_catkin/devel/.private/mandatory_2/share/common-lisp/ros/mandatory_2/msg/_package_Num.lisp, /home/chris/school/ros_catkin/devel/share/common-lisp/ros/mandatory_2/msg/_package_Num.lisp)
Linked: (/home/chris/school/ros_catkin/devel/.private/mandatory_2/share/common-lisp/ros/mandatory_2/msg/_package_Kalman_feedback.lisp, /home/chris/school/ros_catkin/devel/share/common-lisp/ros/mandatory_2/msg/_package_Kalman_feedback.lisp)
Linked: (/home/chris/school/ros_catkin/devel/.private/mandatory_2/share/common-lisp/ros/mandatory_2/msg/Kalman_feedback.lisp, /home/chris/school/ros_catkin/devel/share/common-lisp/ros/mandatory_2/msg/Kalman_feedback.lisp)
Linked: (/home/chris/school/ros_catkin/devel/.private/mandatory_2/share/common-lisp/ros/mandatory_2/msg/_package_Kalman_feedback_array.lisp, /home/chris/school/ros_catkin/devel/share/common-lisp/ros/mandatory_2/msg/_package_Kalman_feedback_array.lisp)
Linked: (/home/chris/school/ros_catkin/devel/.private/mandatory_2/share/mandatory_2/cmake/mandatory_2-msg-paths.cmake, /home/chris/school/ros_catkin/devel/share/mandatory_2/cmake/mandatory_2-msg-paths.cmake)
Linked: (/home/chris/school/ros_catkin/devel/.private/mandatory_2/share/mandatory_2/cmake/mandatory_2Config-version.cmake, /home/chris/school/ros_catkin/devel/share/mandatory_2/cmake/mandatory_2Config-version.cmake)
Linked: (/home/chris/school/ros_catkin/devel/.private/mandatory_2/share/mandatory_2/cmake/mandatory_2-msg-extras.cmake, /home/chris/school/ros_catkin/devel/share/mandatory_2/cmake/mandatory_2-msg-extras.cmake)
Linked: (/home/chris/school/ros_catkin/devel/.private/mandatory_2/share/mandatory_2/cmake/mandatory_2Config.cmake, /home/chris/school/ros_catkin/devel/share/mandatory_2/cmake/mandatory_2Config.cmake)
Linked: (/home/chris/school/ros_catkin/devel/.private/mandatory_2/lib/python2.7/dist-packages/mandatory_2/__init__.py, /home/chris/school/ros_catkin/devel/lib/python2.7/dist-packages/mandatory_2/__init__.py)
Linked: (/home/chris/school/ros_catkin/devel/.private/mandatory_2/lib/python2.7/dist-packages/mandatory_2/msg/_Kalman_feedback.py, /home/chris/school/ros_catkin/devel/lib/python2.7/dist-packages/mandatory_2/msg/_Kalman_feedback.py)
Linked: (/home/chris/school/ros_catkin/devel/.private/mandatory_2/lib/python2.7/dist-packages/mandatory_2/msg/_Num_array.py, /home/chris/school/ros_catkin/devel/lib/python2.7/dist-packages/mandatory_2/msg/_Num_array.py)
Linked: (/home/chris/school/ros_catkin/devel/.private/mandatory_2/lib/python2.7/dist-packages/mandatory_2/msg/__init__.py, /home/chris/school/ros_catkin/devel/lib/python2.7/dist-packages/mandatory_2/msg/__init__.py)
Linked: (/home/chris/school/ros_catkin/devel/.private/mandatory_2/lib/python2.7/dist-packages/mandatory_2/msg/_Num.py, /home/chris/school/ros_catkin/devel/lib/python2.7/dist-packages/mandatory_2/msg/_Num.py)
Linked: (/home/chris/school/ros_catkin/devel/.private/mandatory_2/lib/python2.7/dist-packages/mandatory_2/msg/_Kalman_feedback_array.py, /home/chris/school/ros_catkin/devel/lib/python2.7/dist-packages/mandatory_2/msg/_Kalman_feedback_array.py)
Linked: (/home/chris/school/ros_catkin/devel/.private/mandatory_2/lib/pkgconfig/mandatory_2.pc, /home/chris/school/ros_catkin/devel/lib/pkgconfig/mandatory_2.pc)
Linked: (/home/chris/school/ros_catkin/devel/.private/mandatory_2/include/mandatory_2/Num_array.h, /home/chris/school/ros_catkin/devel/include/mandatory_2/Num_array.h)
Linked: (/home/chris/school/ros_catkin/devel/.private/mandatory_2/include/mandatory_2/Num.h, /home/chris/school/ros_catkin/devel/include/mandatory_2/Num.h)
Linked: (/home/chris/school/ros_catkin/devel/.private/mandatory_2/include/mandatory_2/Kalman_feedback_array.h, /home/chris/school/ros_catkin/devel/include/mandatory_2/Kalman_feedback_array.h)
Linked: (/home/chris/school/ros_catkin/devel/.private/mandatory_2/include/mandatory_2/Kalman_feedback.h, /home/chris/school/ros_catkin/devel/include/mandatory_2/Kalman_feedback.h)
