Symlinking /home/chris/school/ros_catkin/devel/lib/python2.7/dist-packages/mandatory_2/__init__.py
Symlinking /home/chris/school/ros_catkin/devel/lib/python2.7/dist-packages/mandatory_2/msg/_Num_array.py
Symlinking /home/chris/school/ros_catkin/devel/lib/python2.7/dist-packages/mandatory_2/msg/_Kalman_feedback_array.py
Symlinking /home/chris/school/ros_catkin/devel/lib/python2.7/dist-packages/mandatory_2/msg/_Num.py
Symlinking /home/chris/school/ros_catkin/devel/lib/python2.7/dist-packages/mandatory_2/msg/__init__.py
Symlinking /home/chris/school/ros_catkin/devel/lib/python2.7/dist-packages/mandatory_2/msg/_Kalman_feedback.py
Symlinking /home/chris/school/ros_catkin/devel/lib/pkgconfig/mandatory_2.pc
Symlinking /home/chris/school/ros_catkin/devel/share/gennodejs/ros/mandatory_2/_index.js
Symlinking /home/chris/school/ros_catkin/devel/share/gennodejs/ros/mandatory_2/msg/Num_array.js
Symlinking /home/chris/school/ros_catkin/devel/share/gennodejs/ros/mandatory_2/msg/_index.js
Symlinking /home/chris/school/ros_catkin/devel/share/gennodejs/ros/mandatory_2/msg/Kalman_feedback.js
Symlinking /home/chris/school/ros_catkin/devel/share/gennodejs/ros/mandatory_2/msg/Kalman_feedback_array.js
Symlinking /home/chris/school/ros_catkin/devel/share/gennodejs/ros/mandatory_2/msg/Num.js
Symlinking /home/chris/school/ros_catkin/devel/share/roseus/ros/mandatory_2/manifest.l
Symlinking /home/chris/school/ros_catkin/devel/share/roseus/ros/mandatory_2/msg/Num_array.l
Symlinking /home/chris/school/ros_catkin/devel/share/roseus/ros/mandatory_2/msg/Num.l
Symlinking /home/chris/school/ros_catkin/devel/share/roseus/ros/mandatory_2/msg/Kalman_feedback_array.l
Symlinking /home/chris/school/ros_catkin/devel/share/roseus/ros/mandatory_2/msg/Kalman_feedback.l
Symlinking /home/chris/school/ros_catkin/devel/share/common-lisp/ros/mandatory_2/msg/mandatory_2-msg.asd
Symlinking /home/chris/school/ros_catkin/devel/share/common-lisp/ros/mandatory_2/msg/Num_array.lisp
Symlinking /home/chris/school/ros_catkin/devel/share/common-lisp/ros/mandatory_2/msg/Kalman_feedback_array.lisp
Symlinking /home/chris/school/ros_catkin/devel/share/common-lisp/ros/mandatory_2/msg/_package_Num_array.lisp
Symlinking /home/chris/school/ros_catkin/devel/share/common-lisp/ros/mandatory_2/msg/Num.lisp
Symlinking /home/chris/school/ros_catkin/devel/share/common-lisp/ros/mandatory_2/msg/_package_Kalman_feedback.lisp
Symlinking /home/chris/school/ros_catkin/devel/share/common-lisp/ros/mandatory_2/msg/_package_Num.lisp
Symlinking /home/chris/school/ros_catkin/devel/share/common-lisp/ros/mandatory_2/msg/_package_Kalman_feedback_array.lisp
Symlinking /home/chris/school/ros_catkin/devel/share/common-lisp/ros/mandatory_2/msg/Kalman_feedback.lisp
Symlinking /home/chris/school/ros_catkin/devel/share/common-lisp/ros/mandatory_2/msg/_package.lisp
Symlinking /home/chris/school/ros_catkin/devel/share/mandatory_2/cmake/mandatory_2Config.cmake
Symlinking /home/chris/school/ros_catkin/devel/share/mandatory_2/cmake/mandatory_2-msg-extras.cmake
Symlinking /home/chris/school/ros_catkin/devel/share/mandatory_2/cmake/mandatory_2-msg-paths.cmake
Symlinking /home/chris/school/ros_catkin/devel/share/mandatory_2/cmake/mandatory_2Config-version.cmake
Symlinking /home/chris/school/ros_catkin/devel/include/mandatory_2/Num_array.h
Symlinking /home/chris/school/ros_catkin/devel/include/mandatory_2/Num.h
Symlinking /home/chris/school/ros_catkin/devel/include/mandatory_2/Kalman_feedback.h
Symlinking /home/chris/school/ros_catkin/devel/include/mandatory_2/Kalman_feedback_array.h
