[35m[1mScanning dependencies of target _mandatory_2_generate_messages_check_deps_Num[0m
[35m[1mScanning dependencies of target _mandatory_2_generate_messages_check_deps_Kalman_feedback[0m
[35m[1mScanning dependencies of target std_msgs_generate_messages_py[0m
[35m[1mScanning dependencies of target _mandatory_2_generate_messages_check_deps_Num_array[0m
[  0%] Built target std_msgs_generate_messages_py
[35m[1mScanning dependencies of target _mandatory_2_generate_messages_check_deps_Kalman_feedback_array[0m
[  0%] Built target _mandatory_2_generate_messages_check_deps_Kalman_feedback
[  0%] Built target _mandatory_2_generate_messages_check_deps_Num_array
[  0%] Built target _mandatory_2_generate_messages_check_deps_Num
[35m[1mScanning dependencies of target std_msgs_generate_messages_eus[0m
[35m[1mScanning dependencies of target std_msgs_generate_messages_lisp[0m
[35m[1mScanning dependencies of target std_msgs_generate_messages_nodejs[0m
[  0%] Built target std_msgs_generate_messages_lisp
[  0%] Built target std_msgs_generate_messages_eus
[  0%] Built target std_msgs_generate_messages_nodejs
[  0%] Built target _mandatory_2_generate_messages_check_deps_Kalman_feedback_array
[35m[1mScanning dependencies of target std_msgs_generate_messages_cpp[0m
[  0%] Built target std_msgs_generate_messages_cpp
[35m[1mScanning dependencies of target mandatory_2_generate_messages_lisp[0m
[35m[1mScanning dependencies of target mandatory_2_generate_messages_eus[0m
[35m[1mScanning dependencies of target mandatory_2_generate_messages_py[0m
[  4%] [34m[1mGenerating EusLisp code from mandatory_2/Kalman_feedback.msg[0m
[35m[1mScanning dependencies of target mandatory_2_generate_messages_nodejs[0m
[  9%] [34m[1mGenerating Lisp code from mandatory_2/Kalman_feedback.msg[0m
[ 13%] [34m[1mGenerating Python from MSG mandatory_2/Kalman_feedback[0m
[ 18%] [34m[1mGenerating Javascript code from mandatory_2/Kalman_feedback.msg[0m
[ 22%] [34m[1mGenerating Lisp code from mandatory_2/Kalman_feedback_array.msg[0m
[ 27%] [34m[1mGenerating Javascript code from mandatory_2/Kalman_feedback_array.msg[0m
[ 31%] [34m[1mGenerating EusLisp code from mandatory_2/Kalman_feedback_array.msg[0m
[ 36%] [34m[1mGenerating Lisp code from mandatory_2/Num.msg[0m
[ 40%] [34m[1mGenerating Javascript code from mandatory_2/Num.msg[0m
[ 45%] [34m[1mGenerating Python from MSG mandatory_2/Kalman_feedback_array[0m
[ 50%] [34m[1mGenerating EusLisp code from mandatory_2/Num.msg[0m
[ 54%] [34m[1mGenerating Javascript code from mandatory_2/Num_array.msg[0m
[ 59%] [34m[1mGenerating Lisp code from mandatory_2/Num_array.msg[0m
[ 59%] Built target mandatory_2_generate_messages_nodejs
[ 59%] Built target mandatory_2_generate_messages_lisp
[ 63%] [34m[1mGenerating EusLisp code from mandatory_2/Num_array.msg[0m
[ 68%] [34m[1mGenerating Python from MSG mandatory_2/Num[0m
[ 72%] [34m[1mGenerating EusLisp manifest code for mandatory_2[0m
[ 77%] [34m[1mGenerating Python from MSG mandatory_2/Num_array[0m
[35m[1mScanning dependencies of target mandatory_2_generate_messages_cpp[0m
[ 81%] [34m[1mGenerating C++ code from mandatory_2/Kalman_feedback.msg[0m
[ 86%] [34m[1mGenerating C++ code from mandatory_2/Kalman_feedback_array.msg[0m
[ 90%] [34m[1mGenerating Python msg __init__.py for mandatory_2[0m
[ 90%] Built target mandatory_2_generate_messages_py
[ 95%] [34m[1mGenerating C++ code from mandatory_2/Num.msg[0m
[100%] [34m[1mGenerating C++ code from mandatory_2/Num_array.msg[0m
[100%] Built target mandatory_2_generate_messages_cpp
[100%] Built target mandatory_2_generate_messages_eus
[35m[1mScanning dependencies of target mandatory_2_generate_messages[0m
[100%] Built target mandatory_2_generate_messages
