[  0%] Built target _mandatory_2_generate_messages_check_deps_Num
[  0%] Built target std_msgs_generate_messages_py
[  0%] Built target _mandatory_2_generate_messages_check_deps_Num_array
[  0%] Built target std_msgs_generate_messages_lisp
[  0%] Built target _mandatory_2_generate_messages_check_deps_Kalman_feedback
[  0%] Built target _mandatory_2_generate_messages_check_deps_Kalman_feedback_array
[  0%] Built target std_msgs_generate_messages_eus
[  0%] Built target std_msgs_generate_messages_nodejs
[  0%] Built target std_msgs_generate_messages_cpp
[  4%] [34m[1mGenerating Python from MSG mandatory_2/Kalman_feedback[0m
[  9%] [34m[1mGenerating Python from MSG mandatory_2/Kalman_feedback_array[0m
[ 13%] [34m[1mGenerating Python from MSG mandatory_2/Num[0m
[ 18%] [34m[1mGenerating Lisp code from mandatory_2/Kalman_feedback.msg[0m
[ 22%] [34m[1mGenerating EusLisp code from mandatory_2/Kalman_feedback.msg[0m
[ 27%] [34m[1mGenerating Lisp code from mandatory_2/Kalman_feedback_array.msg[0m
[ 31%] [34m[1mGenerating EusLisp code from mandatory_2/Kalman_feedback_array.msg[0m
[ 36%] [34m[1mGenerating Python from MSG mandatory_2/Num_array[0m
[ 40%] [34m[1mGenerating Lisp code from mandatory_2/Num.msg[0m
[ 45%] [34m[1mGenerating Lisp code from mandatory_2/Num_array.msg[0m
[ 50%] [34m[1mGenerating EusLisp code from mandatory_2/Num.msg[0m
[ 50%] Built target mandatory_2_generate_messages_lisp
[ 54%] [34m[1mGenerating Python msg __init__.py for mandatory_2[0m
[ 59%] [34m[1mGenerating Javascript code from mandatory_2/Kalman_feedback.msg[0m
[ 63%] [34m[1mGenerating C++ code from mandatory_2/Kalman_feedback.msg[0m
[ 68%] [34m[1mGenerating EusLisp code from mandatory_2/Num_array.msg[0m
[ 72%] [34m[1mGenerating Javascript code from mandatory_2/Kalman_feedback_array.msg[0m
[ 72%] Built target mandatory_2_generate_messages_py
[ 77%] [34m[1mGenerating Javascript code from mandatory_2/Num.msg[0m
[ 81%] [34m[1mGenerating Javascript code from mandatory_2/Num_array.msg[0m
[ 86%] Built target mandatory_2_generate_messages_eus
[ 86%] Built target mandatory_2_generate_messages_nodejs
[ 90%] [34m[1mGenerating C++ code from mandatory_2/Kalman_feedback_array.msg[0m
[ 95%] [34m[1mGenerating C++ code from mandatory_2/Num.msg[0m
[100%] [34m[1mGenerating C++ code from mandatory_2/Num_array.msg[0m
[100%] Built target mandatory_2_generate_messages_cpp
[100%] Built target mandatory_2_generate_messages
