[  0%] Built target _mavlink_lora_generate_messages_check_deps_mavlink_lora_command_set_mode
[  0%] Built target _mavlink_lora_generate_messages_check_deps_mavlink_lora_command_takeoff
[  0%] Built target _mavlink_lora_generate_messages_check_deps_mavlink_lora_statustext
[  0%] Built target _mavlink_lora_generate_messages_check_deps_mavlink_lora_set_position_target_local_ned
[  0%] Built target _mavlink_lora_generate_messages_check_deps_mavlink_lora_mission_item_int
[  0%] Built target _mavlink_lora_generate_messages_check_deps_mavlink_lora_command_reposition
[  0%] Built target _mavlink_lora_generate_messages_check_deps_mavlink_lora_radio_status
[  0%] Built target std_msgs_generate_messages_cpp
[  0%] Built target _mavlink_lora_generate_messages_check_deps_mavlink_lora_heartbeat
[  0%] Built target _mavlink_lora_generate_messages_check_deps_mavlink_lora_command_ack
[  0%] Built target _mavlink_lora_generate_messages_check_deps_mavlink_lora_enable_offboard
[  0%] Built target _mavlink_lora_generate_messages_check_deps_mavlink_lora_command_start_mission
[  0%] Built target _mavlink_lora_generate_messages_check_deps_mavlink_lora_gps_raw
[  0%] Built target _mavlink_lora_generate_messages_check_deps_mavlink_lora_mission_list
[  0%] Built target _mavlink_lora_generate_messages_check_deps_mavlink_lora_command_land
[  0%] Built target _mavlink_lora_generate_messages_check_deps_mavlink_lora_status
[  0%] Built target _mavlink_lora_generate_messages_check_deps_mavlink_lora_mission_ack
[  0%] Built target _mavlink_lora_generate_messages_check_deps_mavlink_lora_attitude
[  0%] Built target _mavlink_lora_generate_messages_check_deps_mavlink_lora_msg
[  0%] Built target std_msgs_generate_messages_lisp
[  0%] Built target _mavlink_lora_generate_messages_check_deps_mavlink_lora_pos
[  0%] Built target std_msgs_generate_messages_nodejs
[  0%] Built target std_msgs_generate_messages_eus
[  0%] Built target std_msgs_generate_messages_py
[ 19%] Built target mavlink_lora_generate_messages_cpp
[ 37%] Built target mavlink_lora_generate_messages_lisp
[ 56%] Built target mavlink_lora_generate_messages_nodejs
[ 76%] Built target mavlink_lora_generate_messages_eus
[ 95%] Built target mavlink_lora_generate_messages_py
[100%] Built target mavlink_lora_node
[100%] Built target mavlink_lora_generate_messages
