Linked: (/home/chris/school/ros_catkin/devel/.private/mavlink_lora/bin/mission_download.py, /home/chris/school/ros_catkin/devel/bin/mission_download.py)
Linked: (/home/chris/school/ros_catkin/devel/.private/mavlink_lora/bin/mission_set_current.py, /home/chris/school/ros_catkin/devel/bin/mission_set_current.py)
Linked: (/home/chris/school/ros_catkin/devel/.private/mavlink_lora/bin/gcs_keypress.py, /home/chris/school/ros_catkin/devel/bin/gcs_keypress.py)
Linked: (/home/chris/school/ros_catkin/devel/.private/mavlink_lora/bin/cmake.lock, /home/chris/school/ros_catkin/devel/bin/cmake.lock)
Linked: (/home/chris/school/ros_catkin/devel/.private/mavlink_lora/bin/req_data_stream.py, /home/chris/school/ros_catkin/devel/bin/req_data_stream.py)
Linked: (/home/chris/school/ros_catkin/devel/.private/mavlink_lora/bin/param_list_get.py, /home/chris/school/ros_catkin/devel/bin/param_list_get.py)
Linked: (/home/chris/school/ros_catkin/devel/.private/mavlink_lora/bin/gcs_simple.py, /home/chris/school/ros_catkin/devel/bin/gcs_simple.py)
Linked: (/home/chris/school/ros_catkin/devel/.private/mavlink_lora/lib/python2.7/dist-packages/mavlink_lora/__init__.py, /home/chris/school/ros_catkin/devel/lib/python2.7/dist-packages/mavlink_lora/__init__.py)
Linked: (/home/chris/school/ros_catkin/devel/.private/mavlink_lora/lib/python2.7/dist-packages/mavlink_lora/msg/_mavlink_lora_mission_ack.py, /home/chris/school/ros_catkin/devel/lib/python2.7/dist-packages/mavlink_lora/msg/_mavlink_lora_mission_ack.py)
Linked: (/home/chris/school/ros_catkin/devel/.private/mavlink_lora/lib/python2.7/dist-packages/mavlink_lora/msg/_mavlink_lora_command_ack.py, /home/chris/school/ros_catkin/devel/lib/python2.7/dist-packages/mavlink_lora/msg/_mavlink_lora_command_ack.py)
Linked: (/home/chris/school/ros_catkin/devel/.private/mavlink_lora/lib/python2.7/dist-packages/mavlink_lora/msg/_mavlink_lora_attitude.py, /home/chris/school/ros_catkin/devel/lib/python2.7/dist-packages/mavlink_lora/msg/_mavlink_lora_attitude.py)
Linked: (/home/chris/school/ros_catkin/devel/.private/mavlink_lora/lib/python2.7/dist-packages/mavlink_lora/msg/_mavlink_lora_pos.py, /home/chris/school/ros_catkin/devel/lib/python2.7/dist-packages/mavlink_lora/msg/_mavlink_lora_pos.py)
Linked: (/home/chris/school/ros_catkin/devel/.private/mavlink_lora/lib/python2.7/dist-packages/mavlink_lora/msg/_mavlink_lora_command_land.py, /home/chris/school/ros_catkin/devel/lib/python2.7/dist-packages/mavlink_lora/msg/_mavlink_lora_command_land.py)
Linked: (/home/chris/school/ros_catkin/devel/.private/mavlink_lora/lib/python2.7/dist-packages/mavlink_lora/msg/_mavlink_lora_heartbeat.py, /home/chris/school/ros_catkin/devel/lib/python2.7/dist-packages/mavlink_lora/msg/_mavlink_lora_heartbeat.py)
Linked: (/home/chris/school/ros_catkin/devel/.private/mavlink_lora/lib/python2.7/dist-packages/mavlink_lora/msg/_mavlink_lora_command_reposition.py, /home/chris/school/ros_catkin/devel/lib/python2.7/dist-packages/mavlink_lora/msg/_mavlink_lora_command_reposition.py)
Linked: (/home/chris/school/ros_catkin/devel/.private/mavlink_lora/lib/python2.7/dist-packages/mavlink_lora/msg/_mavlink_lora_statustext.py, /home/chris/school/ros_catkin/devel/lib/python2.7/dist-packages/mavlink_lora/msg/_mavlink_lora_statustext.py)
Linked: (/home/chris/school/ros_catkin/devel/.private/mavlink_lora/lib/python2.7/dist-packages/mavlink_lora/msg/_mavlink_lora_command_takeoff.py, /home/chris/school/ros_catkin/devel/lib/python2.7/dist-packages/mavlink_lora/msg/_mavlink_lora_command_takeoff.py)
Linked: (/home/chris/school/ros_catkin/devel/.private/mavlink_lora/lib/python2.7/dist-packages/mavlink_lora/msg/_mavlink_lora_command_start_mission.py, /home/chris/school/ros_catkin/devel/lib/python2.7/dist-packages/mavlink_lora/msg/_mavlink_lora_command_start_mission.py)
Linked: (/home/chris/school/ros_catkin/devel/.private/mavlink_lora/lib/python2.7/dist-packages/mavlink_lora/msg/_mavlink_lora_mission_item_int.py, /home/chris/school/ros_catkin/devel/lib/python2.7/dist-packages/mavlink_lora/msg/_mavlink_lora_mission_item_int.py)
Linked: (/home/chris/school/ros_catkin/devel/.private/mavlink_lora/lib/python2.7/dist-packages/mavlink_lora/msg/_mavlink_lora_enable_offboard.py, /home/chris/school/ros_catkin/devel/lib/python2.7/dist-packages/mavlink_lora/msg/_mavlink_lora_enable_offboard.py)
Linked: (/home/chris/school/ros_catkin/devel/.private/mavlink_lora/lib/python2.7/dist-packages/mavlink_lora/msg/_mavlink_lora_status.py, /home/chris/school/ros_catkin/devel/lib/python2.7/dist-packages/mavlink_lora/msg/_mavlink_lora_status.py)
Linked: (/home/chris/school/ros_catkin/devel/.private/mavlink_lora/lib/python2.7/dist-packages/mavlink_lora/msg/_mavlink_lora_gps_raw.py, /home/chris/school/ros_catkin/devel/lib/python2.7/dist-packages/mavlink_lora/msg/_mavlink_lora_gps_raw.py)
Linked: (/home/chris/school/ros_catkin/devel/.private/mavlink_lora/lib/python2.7/dist-packages/mavlink_lora/msg/__init__.py, /home/chris/school/ros_catkin/devel/lib/python2.7/dist-packages/mavlink_lora/msg/__init__.py)
Linked: (/home/chris/school/ros_catkin/devel/.private/mavlink_lora/lib/python2.7/dist-packages/mavlink_lora/msg/_mavlink_lora_mission_list.py, /home/chris/school/ros_catkin/devel/lib/python2.7/dist-packages/mavlink_lora/msg/_mavlink_lora_mission_list.py)
Linked: (/home/chris/school/ros_catkin/devel/.private/mavlink_lora/lib/python2.7/dist-packages/mavlink_lora/msg/_mavlink_lora_command_set_mode.py, /home/chris/school/ros_catkin/devel/lib/python2.7/dist-packages/mavlink_lora/msg/_mavlink_lora_command_set_mode.py)
Linked: (/home/chris/school/ros_catkin/devel/.private/mavlink_lora/lib/python2.7/dist-packages/mavlink_lora/msg/_mavlink_lora_set_position_target_local_ned.py, /home/chris/school/ros_catkin/devel/lib/python2.7/dist-packages/mavlink_lora/msg/_mavlink_lora_set_position_target_local_ned.py)
Linked: (/home/chris/school/ros_catkin/devel/.private/mavlink_lora/lib/python2.7/dist-packages/mavlink_lora/msg/_mavlink_lora_radio_status.py, /home/chris/school/ros_catkin/devel/lib/python2.7/dist-packages/mavlink_lora/msg/_mavlink_lora_radio_status.py)
Linked: (/home/chris/school/ros_catkin/devel/.private/mavlink_lora/lib/python2.7/dist-packages/mavlink_lora/msg/_mavlink_lora_msg.py, /home/chris/school/ros_catkin/devel/lib/python2.7/dist-packages/mavlink_lora/msg/_mavlink_lora_msg.py)
Linked: (/home/chris/school/ros_catkin/devel/.private/mavlink_lora/lib/pkgconfig/mavlink_lora.pc, /home/chris/school/ros_catkin/devel/lib/pkgconfig/mavlink_lora.pc)
Linked: (/home/chris/school/ros_catkin/devel/.private/mavlink_lora/lib/mavlink_lora/mavlink_lora_node, /home/chris/school/ros_catkin/devel/lib/mavlink_lora/mavlink_lora_node)
Linked: (/home/chris/school/ros_catkin/devel/.private/mavlink_lora/share/gennodejs/ros/mavlink_lora/_index.js, /home/chris/school/ros_catkin/devel/share/gennodejs/ros/mavlink_lora/_index.js)
Linked: (/home/chris/school/ros_catkin/devel/.private/mavlink_lora/share/gennodejs/ros/mavlink_lora/msg/mavlink_lora_gps_raw.js, /home/chris/school/ros_catkin/devel/share/gennodejs/ros/mavlink_lora/msg/mavlink_lora_gps_raw.js)
Linked: (/home/chris/school/ros_catkin/devel/.private/mavlink_lora/share/gennodejs/ros/mavlink_lora/msg/mavlink_lora_heartbeat.js, /home/chris/school/ros_catkin/devel/share/gennodejs/ros/mavlink_lora/msg/mavlink_lora_heartbeat.js)
Linked: (/home/chris/school/ros_catkin/devel/.private/mavlink_lora/share/gennodejs/ros/mavlink_lora/msg/mavlink_lora_command_set_mode.js, /home/chris/school/ros_catkin/devel/share/gennodejs/ros/mavlink_lora/msg/mavlink_lora_command_set_mode.js)
Linked: (/home/chris/school/ros_catkin/devel/.private/mavlink_lora/share/gennodejs/ros/mavlink_lora/msg/mavlink_lora_status.js, /home/chris/school/ros_catkin/devel/share/gennodejs/ros/mavlink_lora/msg/mavlink_lora_status.js)
Linked: (/home/chris/school/ros_catkin/devel/.private/mavlink_lora/share/gennodejs/ros/mavlink_lora/msg/mavlink_lora_mission_item_int.js, /home/chris/school/ros_catkin/devel/share/gennodejs/ros/mavlink_lora/msg/mavlink_lora_mission_item_int.js)
Linked: (/home/chris/school/ros_catkin/devel/.private/mavlink_lora/share/gennodejs/ros/mavlink_lora/msg/_index.js, /home/chris/school/ros_catkin/devel/share/gennodejs/ros/mavlink_lora/msg/_index.js)
Linked: (/home/chris/school/ros_catkin/devel/.private/mavlink_lora/share/gennodejs/ros/mavlink_lora/msg/mavlink_lora_enable_offboard.js, /home/chris/school/ros_catkin/devel/share/gennodejs/ros/mavlink_lora/msg/mavlink_lora_enable_offboard.js)
Linked: (/home/chris/school/ros_catkin/devel/.private/mavlink_lora/share/gennodejs/ros/mavlink_lora/msg/mavlink_lora_command_start_mission.js, /home/chris/school/ros_catkin/devel/share/gennodejs/ros/mavlink_lora/msg/mavlink_lora_command_start_mission.js)
Linked: (/home/chris/school/ros_catkin/devel/.private/mavlink_lora/share/gennodejs/ros/mavlink_lora/msg/mavlink_lora_statustext.js, /home/chris/school/ros_catkin/devel/share/gennodejs/ros/mavlink_lora/msg/mavlink_lora_statustext.js)
Linked: (/home/chris/school/ros_catkin/devel/.private/mavlink_lora/share/gennodejs/ros/mavlink_lora/msg/mavlink_lora_pos.js, /home/chris/school/ros_catkin/devel/share/gennodejs/ros/mavlink_lora/msg/mavlink_lora_pos.js)
Linked: (/home/chris/school/ros_catkin/devel/.private/mavlink_lora/share/gennodejs/ros/mavlink_lora/msg/mavlink_lora_mission_ack.js, /home/chris/school/ros_catkin/devel/share/gennodejs/ros/mavlink_lora/msg/mavlink_lora_mission_ack.js)
Linked: (/home/chris/school/ros_catkin/devel/.private/mavlink_lora/share/gennodejs/ros/mavlink_lora/msg/mavlink_lora_radio_status.js, /home/chris/school/ros_catkin/devel/share/gennodejs/ros/mavlink_lora/msg/mavlink_lora_radio_status.js)
Linked: (/home/chris/school/ros_catkin/devel/.private/mavlink_lora/share/gennodejs/ros/mavlink_lora/msg/mavlink_lora_command_takeoff.js, /home/chris/school/ros_catkin/devel/share/gennodejs/ros/mavlink_lora/msg/mavlink_lora_command_takeoff.js)
Linked: (/home/chris/school/ros_catkin/devel/.private/mavlink_lora/share/gennodejs/ros/mavlink_lora/msg/mavlink_lora_command_land.js, /home/chris/school/ros_catkin/devel/share/gennodejs/ros/mavlink_lora/msg/mavlink_lora_command_land.js)
Linked: (/home/chris/school/ros_catkin/devel/.private/mavlink_lora/share/gennodejs/ros/mavlink_lora/msg/mavlink_lora_attitude.js, /home/chris/school/ros_catkin/devel/share/gennodejs/ros/mavlink_lora/msg/mavlink_lora_attitude.js)
Linked: (/home/chris/school/ros_catkin/devel/.private/mavlink_lora/share/gennodejs/ros/mavlink_lora/msg/mavlink_lora_command_reposition.js, /home/chris/school/ros_catkin/devel/share/gennodejs/ros/mavlink_lora/msg/mavlink_lora_command_reposition.js)
Linked: (/home/chris/school/ros_catkin/devel/.private/mavlink_lora/share/gennodejs/ros/mavlink_lora/msg/mavlink_lora_mission_list.js, /home/chris/school/ros_catkin/devel/share/gennodejs/ros/mavlink_lora/msg/mavlink_lora_mission_list.js)
Linked: (/home/chris/school/ros_catkin/devel/.private/mavlink_lora/share/gennodejs/ros/mavlink_lora/msg/mavlink_lora_msg.js, /home/chris/school/ros_catkin/devel/share/gennodejs/ros/mavlink_lora/msg/mavlink_lora_msg.js)
Linked: (/home/chris/school/ros_catkin/devel/.private/mavlink_lora/share/gennodejs/ros/mavlink_lora/msg/mavlink_lora_command_ack.js, /home/chris/school/ros_catkin/devel/share/gennodejs/ros/mavlink_lora/msg/mavlink_lora_command_ack.js)
Linked: (/home/chris/school/ros_catkin/devel/.private/mavlink_lora/share/gennodejs/ros/mavlink_lora/msg/mavlink_lora_set_position_target_local_ned.js, /home/chris/school/ros_catkin/devel/share/gennodejs/ros/mavlink_lora/msg/mavlink_lora_set_position_target_local_ned.js)
Linked: (/home/chris/school/ros_catkin/devel/.private/mavlink_lora/share/roseus/ros/mavlink_lora/manifest.l, /home/chris/school/ros_catkin/devel/share/roseus/ros/mavlink_lora/manifest.l)
Linked: (/home/chris/school/ros_catkin/devel/.private/mavlink_lora/share/roseus/ros/mavlink_lora/msg/mavlink_lora_statustext.l, /home/chris/school/ros_catkin/devel/share/roseus/ros/mavlink_lora/msg/mavlink_lora_statustext.l)
Linked: (/home/chris/school/ros_catkin/devel/.private/mavlink_lora/share/roseus/ros/mavlink_lora/msg/mavlink_lora_status.l, /home/chris/school/ros_catkin/devel/share/roseus/ros/mavlink_lora/msg/mavlink_lora_status.l)
Linked: (/home/chris/school/ros_catkin/devel/.private/mavlink_lora/share/roseus/ros/mavlink_lora/msg/mavlink_lora_command_land.l, /home/chris/school/ros_catkin/devel/share/roseus/ros/mavlink_lora/msg/mavlink_lora_command_land.l)
Linked: (/home/chris/school/ros_catkin/devel/.private/mavlink_lora/share/roseus/ros/mavlink_lora/msg/mavlink_lora_mission_ack.l, /home/chris/school/ros_catkin/devel/share/roseus/ros/mavlink_lora/msg/mavlink_lora_mission_ack.l)
Linked: (/home/chris/school/ros_catkin/devel/.private/mavlink_lora/share/roseus/ros/mavlink_lora/msg/mavlink_lora_attitude.l, /home/chris/school/ros_catkin/devel/share/roseus/ros/mavlink_lora/msg/mavlink_lora_attitude.l)
Linked: (/home/chris/school/ros_catkin/devel/.private/mavlink_lora/share/roseus/ros/mavlink_lora/msg/mavlink_lora_gps_raw.l, /home/chris/school/ros_catkin/devel/share/roseus/ros/mavlink_lora/msg/mavlink_lora_gps_raw.l)
Linked: (/home/chris/school/ros_catkin/devel/.private/mavlink_lora/share/roseus/ros/mavlink_lora/msg/mavlink_lora_pos.l, /home/chris/school/ros_catkin/devel/share/roseus/ros/mavlink_lora/msg/mavlink_lora_pos.l)
Linked: (/home/chris/school/ros_catkin/devel/.private/mavlink_lora/share/roseus/ros/mavlink_lora/msg/mavlink_lora_command_start_mission.l, /home/chris/school/ros_catkin/devel/share/roseus/ros/mavlink_lora/msg/mavlink_lora_command_start_mission.l)
Linked: (/home/chris/school/ros_catkin/devel/.private/mavlink_lora/share/roseus/ros/mavlink_lora/msg/mavlink_lora_command_set_mode.l, /home/chris/school/ros_catkin/devel/share/roseus/ros/mavlink_lora/msg/mavlink_lora_command_set_mode.l)
Linked: (/home/chris/school/ros_catkin/devel/.private/mavlink_lora/share/roseus/ros/mavlink_lora/msg/mavlink_lora_enable_offboard.l, /home/chris/school/ros_catkin/devel/share/roseus/ros/mavlink_lora/msg/mavlink_lora_enable_offboard.l)
Linked: (/home/chris/school/ros_catkin/devel/.private/mavlink_lora/share/roseus/ros/mavlink_lora/msg/mavlink_lora_command_takeoff.l, /home/chris/school/ros_catkin/devel/share/roseus/ros/mavlink_lora/msg/mavlink_lora_command_takeoff.l)
Linked: (/home/chris/school/ros_catkin/devel/.private/mavlink_lora/share/roseus/ros/mavlink_lora/msg/mavlink_lora_command_reposition.l, /home/chris/school/ros_catkin/devel/share/roseus/ros/mavlink_lora/msg/mavlink_lora_command_reposition.l)
Linked: (/home/chris/school/ros_catkin/devel/.private/mavlink_lora/share/roseus/ros/mavlink_lora/msg/mavlink_lora_msg.l, /home/chris/school/ros_catkin/devel/share/roseus/ros/mavlink_lora/msg/mavlink_lora_msg.l)
Linked: (/home/chris/school/ros_catkin/devel/.private/mavlink_lora/share/roseus/ros/mavlink_lora/msg/mavlink_lora_command_ack.l, /home/chris/school/ros_catkin/devel/share/roseus/ros/mavlink_lora/msg/mavlink_lora_command_ack.l)
Linked: (/home/chris/school/ros_catkin/devel/.private/mavlink_lora/share/roseus/ros/mavlink_lora/msg/mavlink_lora_radio_status.l, /home/chris/school/ros_catkin/devel/share/roseus/ros/mavlink_lora/msg/mavlink_lora_radio_status.l)
Linked: (/home/chris/school/ros_catkin/devel/.private/mavlink_lora/share/roseus/ros/mavlink_lora/msg/mavlink_lora_mission_list.l, /home/chris/school/ros_catkin/devel/share/roseus/ros/mavlink_lora/msg/mavlink_lora_mission_list.l)
Linked: (/home/chris/school/ros_catkin/devel/.private/mavlink_lora/share/roseus/ros/mavlink_lora/msg/mavlink_lora_mission_item_int.l, /home/chris/school/ros_catkin/devel/share/roseus/ros/mavlink_lora/msg/mavlink_lora_mission_item_int.l)
Linked: (/home/chris/school/ros_catkin/devel/.private/mavlink_lora/share/roseus/ros/mavlink_lora/msg/mavlink_lora_heartbeat.l, /home/chris/school/ros_catkin/devel/share/roseus/ros/mavlink_lora/msg/mavlink_lora_heartbeat.l)
Linked: (/home/chris/school/ros_catkin/devel/.private/mavlink_lora/share/roseus/ros/mavlink_lora/msg/mavlink_lora_set_position_target_local_ned.l, /home/chris/school/ros_catkin/devel/share/roseus/ros/mavlink_lora/msg/mavlink_lora_set_position_target_local_ned.l)
Linked: (/home/chris/school/ros_catkin/devel/.private/mavlink_lora/share/common-lisp/ros/mavlink_lora/msg/_package_mavlink_lora_mission_item_int.lisp, /home/chris/school/ros_catkin/devel/share/common-lisp/ros/mavlink_lora/msg/_package_mavlink_lora_mission_item_int.lisp)
Linked: (/home/chris/school/ros_catkin/devel/.private/mavlink_lora/share/common-lisp/ros/mavlink_lora/msg/_package_mavlink_lora_msg.lisp, /home/chris/school/ros_catkin/devel/share/common-lisp/ros/mavlink_lora/msg/_package_mavlink_lora_msg.lisp)
Linked: (/home/chris/school/ros_catkin/devel/.private/mavlink_lora/share/common-lisp/ros/mavlink_lora/msg/mavlink_lora_statustext.lisp, /home/chris/school/ros_catkin/devel/share/common-lisp/ros/mavlink_lora/msg/mavlink_lora_statustext.lisp)
Linked: (/home/chris/school/ros_catkin/devel/.private/mavlink_lora/share/common-lisp/ros/mavlink_lora/msg/_package_mavlink_lora_mission_ack.lisp, /home/chris/school/ros_catkin/devel/share/common-lisp/ros/mavlink_lora/msg/_package_mavlink_lora_mission_ack.lisp)
Linked: (/home/chris/school/ros_catkin/devel/.private/mavlink_lora/share/common-lisp/ros/mavlink_lora/msg/mavlink_lora_set_position_target_local_ned.lisp, /home/chris/school/ros_catkin/devel/share/common-lisp/ros/mavlink_lora/msg/mavlink_lora_set_position_target_local_ned.lisp)
Linked: (/home/chris/school/ros_catkin/devel/.private/mavlink_lora/share/common-lisp/ros/mavlink_lora/msg/_package_mavlink_lora_attitude.lisp, /home/chris/school/ros_catkin/devel/share/common-lisp/ros/mavlink_lora/msg/_package_mavlink_lora_attitude.lisp)
Linked: (/home/chris/school/ros_catkin/devel/.private/mavlink_lora/share/common-lisp/ros/mavlink_lora/msg/_package_mavlink_lora_mission_list.lisp, /home/chris/school/ros_catkin/devel/share/common-lisp/ros/mavlink_lora/msg/_package_mavlink_lora_mission_list.lisp)
Linked: (/home/chris/school/ros_catkin/devel/.private/mavlink_lora/share/common-lisp/ros/mavlink_lora/msg/mavlink_lora_msg.lisp, /home/chris/school/ros_catkin/devel/share/common-lisp/ros/mavlink_lora/msg/mavlink_lora_msg.lisp)
Linked: (/home/chris/school/ros_catkin/devel/.private/mavlink_lora/share/common-lisp/ros/mavlink_lora/msg/mavlink_lora_command_land.lisp, /home/chris/school/ros_catkin/devel/share/common-lisp/ros/mavlink_lora/msg/mavlink_lora_command_land.lisp)
Linked: (/home/chris/school/ros_catkin/devel/.private/mavlink_lora/share/common-lisp/ros/mavlink_lora/msg/mavlink_lora_enable_offboard.lisp, /home/chris/school/ros_catkin/devel/share/common-lisp/ros/mavlink_lora/msg/mavlink_lora_enable_offboard.lisp)
Linked: (/home/chris/school/ros_catkin/devel/.private/mavlink_lora/share/common-lisp/ros/mavlink_lora/msg/_package_mavlink_lora_command_reposition.lisp, /home/chris/school/ros_catkin/devel/share/common-lisp/ros/mavlink_lora/msg/_package_mavlink_lora_command_reposition.lisp)
Linked: (/home/chris/school/ros_catkin/devel/.private/mavlink_lora/share/common-lisp/ros/mavlink_lora/msg/_package_mavlink_lora_command_start_mission.lisp, /home/chris/school/ros_catkin/devel/share/common-lisp/ros/mavlink_lora/msg/_package_mavlink_lora_command_start_mission.lisp)
Linked: (/home/chris/school/ros_catkin/devel/.private/mavlink_lora/share/common-lisp/ros/mavlink_lora/msg/_package_mavlink_lora_command_takeoff.lisp, /home/chris/school/ros_catkin/devel/share/common-lisp/ros/mavlink_lora/msg/_package_mavlink_lora_command_takeoff.lisp)
Linked: (/home/chris/school/ros_catkin/devel/.private/mavlink_lora/share/common-lisp/ros/mavlink_lora/msg/mavlink_lora_gps_raw.lisp, /home/chris/school/ros_catkin/devel/share/common-lisp/ros/mavlink_lora/msg/mavlink_lora_gps_raw.lisp)
Linked: (/home/chris/school/ros_catkin/devel/.private/mavlink_lora/share/common-lisp/ros/mavlink_lora/msg/mavlink_lora_mission_list.lisp, /home/chris/school/ros_catkin/devel/share/common-lisp/ros/mavlink_lora/msg/mavlink_lora_mission_list.lisp)
Linked: (/home/chris/school/ros_catkin/devel/.private/mavlink_lora/share/common-lisp/ros/mavlink_lora/msg/mavlink_lora_status.lisp, /home/chris/school/ros_catkin/devel/share/common-lisp/ros/mavlink_lora/msg/mavlink_lora_status.lisp)
Linked: (/home/chris/school/ros_catkin/devel/.private/mavlink_lora/share/common-lisp/ros/mavlink_lora/msg/mavlink_lora_pos.lisp, /home/chris/school/ros_catkin/devel/share/common-lisp/ros/mavlink_lora/msg/mavlink_lora_pos.lisp)
Linked: (/home/chris/school/ros_catkin/devel/.private/mavlink_lora/share/common-lisp/ros/mavlink_lora/msg/mavlink_lora_command_ack.lisp, /home/chris/school/ros_catkin/devel/share/common-lisp/ros/mavlink_lora/msg/mavlink_lora_command_ack.lisp)
Linked: (/home/chris/school/ros_catkin/devel/.private/mavlink_lora/share/common-lisp/ros/mavlink_lora/msg/mavlink_lora_radio_status.lisp, /home/chris/school/ros_catkin/devel/share/common-lisp/ros/mavlink_lora/msg/mavlink_lora_radio_status.lisp)
Linked: (/home/chris/school/ros_catkin/devel/.private/mavlink_lora/share/common-lisp/ros/mavlink_lora/msg/mavlink_lora-msg.asd, /home/chris/school/ros_catkin/devel/share/common-lisp/ros/mavlink_lora/msg/mavlink_lora-msg.asd)
Linked: (/home/chris/school/ros_catkin/devel/.private/mavlink_lora/share/common-lisp/ros/mavlink_lora/msg/_package_mavlink_lora_set_position_target_local_ned.lisp, /home/chris/school/ros_catkin/devel/share/common-lisp/ros/mavlink_lora/msg/_package_mavlink_lora_set_position_target_local_ned.lisp)
Linked: (/home/chris/school/ros_catkin/devel/.private/mavlink_lora/share/common-lisp/ros/mavlink_lora/msg/_package_mavlink_lora_command_set_mode.lisp, /home/chris/school/ros_catkin/devel/share/common-lisp/ros/mavlink_lora/msg/_package_mavlink_lora_command_set_mode.lisp)
Linked: (/home/chris/school/ros_catkin/devel/.private/mavlink_lora/share/common-lisp/ros/mavlink_lora/msg/_package_mavlink_lora_pos.lisp, /home/chris/school/ros_catkin/devel/share/common-lisp/ros/mavlink_lora/msg/_package_mavlink_lora_pos.lisp)
Linked: (/home/chris/school/ros_catkin/devel/.private/mavlink_lora/share/common-lisp/ros/mavlink_lora/msg/_package_mavlink_lora_gps_raw.lisp, /home/chris/school/ros_catkin/devel/share/common-lisp/ros/mavlink_lora/msg/_package_mavlink_lora_gps_raw.lisp)
Linked: (/home/chris/school/ros_catkin/devel/.private/mavlink_lora/share/common-lisp/ros/mavlink_lora/msg/_package.lisp, /home/chris/school/ros_catkin/devel/share/common-lisp/ros/mavlink_lora/msg/_package.lisp)
Linked: (/home/chris/school/ros_catkin/devel/.private/mavlink_lora/share/common-lisp/ros/mavlink_lora/msg/mavlink_lora_command_start_mission.lisp, /home/chris/school/ros_catkin/devel/share/common-lisp/ros/mavlink_lora/msg/mavlink_lora_command_start_mission.lisp)
Linked: (/home/chris/school/ros_catkin/devel/.private/mavlink_lora/share/common-lisp/ros/mavlink_lora/msg/_package_mavlink_lora_status.lisp, /home/chris/school/ros_catkin/devel/share/common-lisp/ros/mavlink_lora/msg/_package_mavlink_lora_status.lisp)
Linked: (/home/chris/school/ros_catkin/devel/.private/mavlink_lora/share/common-lisp/ros/mavlink_lora/msg/mavlink_lora_attitude.lisp, /home/chris/school/ros_catkin/devel/share/common-lisp/ros/mavlink_lora/msg/mavlink_lora_attitude.lisp)
Linked: (/home/chris/school/ros_catkin/devel/.private/mavlink_lora/share/common-lisp/ros/mavlink_lora/msg/_package_mavlink_lora_heartbeat.lisp, /home/chris/school/ros_catkin/devel/share/common-lisp/ros/mavlink_lora/msg/_package_mavlink_lora_heartbeat.lisp)
Linked: (/home/chris/school/ros_catkin/devel/.private/mavlink_lora/share/common-lisp/ros/mavlink_lora/msg/_package_mavlink_lora_radio_status.lisp, /home/chris/school/ros_catkin/devel/share/common-lisp/ros/mavlink_lora/msg/_package_mavlink_lora_radio_status.lisp)
Linked: (/home/chris/school/ros_catkin/devel/.private/mavlink_lora/share/common-lisp/ros/mavlink_lora/msg/mavlink_lora_heartbeat.lisp, /home/chris/school/ros_catkin/devel/share/common-lisp/ros/mavlink_lora/msg/mavlink_lora_heartbeat.lisp)
Linked: (/home/chris/school/ros_catkin/devel/.private/mavlink_lora/share/common-lisp/ros/mavlink_lora/msg/_package_mavlink_lora_enable_offboard.lisp, /home/chris/school/ros_catkin/devel/share/common-lisp/ros/mavlink_lora/msg/_package_mavlink_lora_enable_offboard.lisp)
Linked: (/home/chris/school/ros_catkin/devel/.private/mavlink_lora/share/common-lisp/ros/mavlink_lora/msg/_package_mavlink_lora_statustext.lisp, /home/chris/school/ros_catkin/devel/share/common-lisp/ros/mavlink_lora/msg/_package_mavlink_lora_statustext.lisp)
Linked: (/home/chris/school/ros_catkin/devel/.private/mavlink_lora/share/common-lisp/ros/mavlink_lora/msg/_package_mavlink_lora_command_land.lisp, /home/chris/school/ros_catkin/devel/share/common-lisp/ros/mavlink_lora/msg/_package_mavlink_lora_command_land.lisp)
Linked: (/home/chris/school/ros_catkin/devel/.private/mavlink_lora/share/common-lisp/ros/mavlink_lora/msg/mavlink_lora_mission_ack.lisp, /home/chris/school/ros_catkin/devel/share/common-lisp/ros/mavlink_lora/msg/mavlink_lora_mission_ack.lisp)
Linked: (/home/chris/school/ros_catkin/devel/.private/mavlink_lora/share/common-lisp/ros/mavlink_lora/msg/mavlink_lora_command_set_mode.lisp, /home/chris/school/ros_catkin/devel/share/common-lisp/ros/mavlink_lora/msg/mavlink_lora_command_set_mode.lisp)
Linked: (/home/chris/school/ros_catkin/devel/.private/mavlink_lora/share/common-lisp/ros/mavlink_lora/msg/mavlink_lora_command_takeoff.lisp, /home/chris/school/ros_catkin/devel/share/common-lisp/ros/mavlink_lora/msg/mavlink_lora_command_takeoff.lisp)
Linked: (/home/chris/school/ros_catkin/devel/.private/mavlink_lora/share/common-lisp/ros/mavlink_lora/msg/mavlink_lora_mission_item_int.lisp, /home/chris/school/ros_catkin/devel/share/common-lisp/ros/mavlink_lora/msg/mavlink_lora_mission_item_int.lisp)
Linked: (/home/chris/school/ros_catkin/devel/.private/mavlink_lora/share/common-lisp/ros/mavlink_lora/msg/mavlink_lora_command_reposition.lisp, /home/chris/school/ros_catkin/devel/share/common-lisp/ros/mavlink_lora/msg/mavlink_lora_command_reposition.lisp)
Linked: (/home/chris/school/ros_catkin/devel/.private/mavlink_lora/share/common-lisp/ros/mavlink_lora/msg/_package_mavlink_lora_command_ack.lisp, /home/chris/school/ros_catkin/devel/share/common-lisp/ros/mavlink_lora/msg/_package_mavlink_lora_command_ack.lisp)
Linked: (/home/chris/school/ros_catkin/devel/.private/mavlink_lora/share/mavlink_lora/cmake/mavlink_lora-msg-paths.cmake, /home/chris/school/ros_catkin/devel/share/mavlink_lora/cmake/mavlink_lora-msg-paths.cmake)
Linked: (/home/chris/school/ros_catkin/devel/.private/mavlink_lora/share/mavlink_lora/cmake/mavlink_loraConfig-version.cmake, /home/chris/school/ros_catkin/devel/share/mavlink_lora/cmake/mavlink_loraConfig-version.cmake)
Linked: (/home/chris/school/ros_catkin/devel/.private/mavlink_lora/share/mavlink_lora/cmake/mavlink_lora-msg-extras.cmake, /home/chris/school/ros_catkin/devel/share/mavlink_lora/cmake/mavlink_lora-msg-extras.cmake)
Linked: (/home/chris/school/ros_catkin/devel/.private/mavlink_lora/share/mavlink_lora/cmake/mavlink_loraConfig.cmake, /home/chris/school/ros_catkin/devel/share/mavlink_lora/cmake/mavlink_loraConfig.cmake)
Linked: (/home/chris/school/ros_catkin/devel/.private/mavlink_lora/include/mavlink_lora/mavlink_lora_mission_ack.h, /home/chris/school/ros_catkin/devel/include/mavlink_lora/mavlink_lora_mission_ack.h)
Linked: (/home/chris/school/ros_catkin/devel/.private/mavlink_lora/include/mavlink_lora/mavlink_lora_msg.h, /home/chris/school/ros_catkin/devel/include/mavlink_lora/mavlink_lora_msg.h)
Linked: (/home/chris/school/ros_catkin/devel/.private/mavlink_lora/include/mavlink_lora/mavlink_lora_command_reposition.h, /home/chris/school/ros_catkin/devel/include/mavlink_lora/mavlink_lora_command_reposition.h)
Linked: (/home/chris/school/ros_catkin/devel/.private/mavlink_lora/include/mavlink_lora/mavlink_lora_pos.h, /home/chris/school/ros_catkin/devel/include/mavlink_lora/mavlink_lora_pos.h)
Linked: (/home/chris/school/ros_catkin/devel/.private/mavlink_lora/include/mavlink_lora/mavlink_lora_command_start_mission.h, /home/chris/school/ros_catkin/devel/include/mavlink_lora/mavlink_lora_command_start_mission.h)
Linked: (/home/chris/school/ros_catkin/devel/.private/mavlink_lora/include/mavlink_lora/mavlink_lora_mission_list.h, /home/chris/school/ros_catkin/devel/include/mavlink_lora/mavlink_lora_mission_list.h)
Linked: (/home/chris/school/ros_catkin/devel/.private/mavlink_lora/include/mavlink_lora/mavlink_lora_attitude.h, /home/chris/school/ros_catkin/devel/include/mavlink_lora/mavlink_lora_attitude.h)
Linked: (/home/chris/school/ros_catkin/devel/.private/mavlink_lora/include/mavlink_lora/mavlink_lora_command_land.h, /home/chris/school/ros_catkin/devel/include/mavlink_lora/mavlink_lora_command_land.h)
Linked: (/home/chris/school/ros_catkin/devel/.private/mavlink_lora/include/mavlink_lora/mavlink_lora_command_set_mode.h, /home/chris/school/ros_catkin/devel/include/mavlink_lora/mavlink_lora_command_set_mode.h)
Linked: (/home/chris/school/ros_catkin/devel/.private/mavlink_lora/include/mavlink_lora/mavlink_lora_command_takeoff.h, /home/chris/school/ros_catkin/devel/include/mavlink_lora/mavlink_lora_command_takeoff.h)
Linked: (/home/chris/school/ros_catkin/devel/.private/mavlink_lora/include/mavlink_lora/mavlink_lora_set_position_target_local_ned.h, /home/chris/school/ros_catkin/devel/include/mavlink_lora/mavlink_lora_set_position_target_local_ned.h)
Linked: (/home/chris/school/ros_catkin/devel/.private/mavlink_lora/include/mavlink_lora/mavlink_lora_command_ack.h, /home/chris/school/ros_catkin/devel/include/mavlink_lora/mavlink_lora_command_ack.h)
Linked: (/home/chris/school/ros_catkin/devel/.private/mavlink_lora/include/mavlink_lora/mavlink_lora_heartbeat.h, /home/chris/school/ros_catkin/devel/include/mavlink_lora/mavlink_lora_heartbeat.h)
Linked: (/home/chris/school/ros_catkin/devel/.private/mavlink_lora/include/mavlink_lora/mavlink_lora_radio_status.h, /home/chris/school/ros_catkin/devel/include/mavlink_lora/mavlink_lora_radio_status.h)
Linked: (/home/chris/school/ros_catkin/devel/.private/mavlink_lora/include/mavlink_lora/mavlink_lora_mission_item_int.h, /home/chris/school/ros_catkin/devel/include/mavlink_lora/mavlink_lora_mission_item_int.h)
Linked: (/home/chris/school/ros_catkin/devel/.private/mavlink_lora/include/mavlink_lora/mavlink_lora_enable_offboard.h, /home/chris/school/ros_catkin/devel/include/mavlink_lora/mavlink_lora_enable_offboard.h)
Linked: (/home/chris/school/ros_catkin/devel/.private/mavlink_lora/include/mavlink_lora/mavlink_lora_gps_raw.h, /home/chris/school/ros_catkin/devel/include/mavlink_lora/mavlink_lora_gps_raw.h)
Linked: (/home/chris/school/ros_catkin/devel/.private/mavlink_lora/include/mavlink_lora/mavlink_lora_status.h, /home/chris/school/ros_catkin/devel/include/mavlink_lora/mavlink_lora_status.h)
Linked: (/home/chris/school/ros_catkin/devel/.private/mavlink_lora/include/mavlink_lora/mavlink_lora_statustext.h, /home/chris/school/ros_catkin/devel/include/mavlink_lora/mavlink_lora_statustext.h)
