Symlinking /home/chris/school/ros_catkin/devel/bin/mission_download.py
Symlinking /home/chris/school/ros_catkin/devel/bin/mission_set_current.py
Symlinking /home/chris/school/ros_catkin/devel/bin/gcs_keypress.py
Symlinking /home/chris/school/ros_catkin/devel/bin/cmake.lock
Symlinking /home/chris/school/ros_catkin/devel/bin/req_data_stream.py
Symlinking /home/chris/school/ros_catkin/devel/bin/param_list_get.py
Symlinking /home/chris/school/ros_catkin/devel/bin/gcs_simple.py
Symlinking /home/chris/school/ros_catkin/devel/lib/python2.7/dist-packages/mavlink_lora/__init__.py
Symlinking /home/chris/school/ros_catkin/devel/lib/python2.7/dist-packages/mavlink_lora/msg/_mavlink_lora_mission_ack.py
Symlinking /home/chris/school/ros_catkin/devel/lib/python2.7/dist-packages/mavlink_lora/msg/_mavlink_lora_command_ack.py
Symlinking /home/chris/school/ros_catkin/devel/lib/python2.7/dist-packages/mavlink_lora/msg/_mavlink_lora_attitude.py
Symlinking /home/chris/school/ros_catkin/devel/lib/python2.7/dist-packages/mavlink_lora/msg/_mavlink_lora_pos.py
Symlinking /home/chris/school/ros_catkin/devel/lib/python2.7/dist-packages/mavlink_lora/msg/_mavlink_lora_command_land.py
Symlinking /home/chris/school/ros_catkin/devel/lib/python2.7/dist-packages/mavlink_lora/msg/_mavlink_lora_heartbeat.py
Symlinking /home/chris/school/ros_catkin/devel/lib/python2.7/dist-packages/mavlink_lora/msg/_mavlink_lora_command_reposition.py
Symlinking /home/chris/school/ros_catkin/devel/lib/python2.7/dist-packages/mavlink_lora/msg/_mavlink_lora_statustext.py
Symlinking /home/chris/school/ros_catkin/devel/lib/python2.7/dist-packages/mavlink_lora/msg/_mavlink_lora_command_takeoff.py
Symlinking /home/chris/school/ros_catkin/devel/lib/python2.7/dist-packages/mavlink_lora/msg/_mavlink_lora_command_start_mission.py
Symlinking /home/chris/school/ros_catkin/devel/lib/python2.7/dist-packages/mavlink_lora/msg/_mavlink_lora_mission_item_int.py
Symlinking /home/chris/school/ros_catkin/devel/lib/python2.7/dist-packages/mavlink_lora/msg/_mavlink_lora_enable_offboard.py
Symlinking /home/chris/school/ros_catkin/devel/lib/python2.7/dist-packages/mavlink_lora/msg/_mavlink_lora_status.py
Symlinking /home/chris/school/ros_catkin/devel/lib/python2.7/dist-packages/mavlink_lora/msg/_mavlink_lora_gps_raw.py
Symlinking /home/chris/school/ros_catkin/devel/lib/python2.7/dist-packages/mavlink_lora/msg/__init__.py
Symlinking /home/chris/school/ros_catkin/devel/lib/python2.7/dist-packages/mavlink_lora/msg/_mavlink_lora_mission_list.py
Symlinking /home/chris/school/ros_catkin/devel/lib/python2.7/dist-packages/mavlink_lora/msg/_mavlink_lora_command_set_mode.py
Symlinking /home/chris/school/ros_catkin/devel/lib/python2.7/dist-packages/mavlink_lora/msg/_mavlink_lora_set_position_target_local_ned.py
Symlinking /home/chris/school/ros_catkin/devel/lib/python2.7/dist-packages/mavlink_lora/msg/_mavlink_lora_radio_status.py
Symlinking /home/chris/school/ros_catkin/devel/lib/python2.7/dist-packages/mavlink_lora/msg/_mavlink_lora_msg.py
Symlinking /home/chris/school/ros_catkin/devel/lib/pkgconfig/mavlink_lora.pc
Symlinking /home/chris/school/ros_catkin/devel/lib/mavlink_lora/mavlink_lora_node
Symlinking /home/chris/school/ros_catkin/devel/share/gennodejs/ros/mavlink_lora/_index.js
Symlinking /home/chris/school/ros_catkin/devel/share/gennodejs/ros/mavlink_lora/msg/mavlink_lora_gps_raw.js
Symlinking /home/chris/school/ros_catkin/devel/share/gennodejs/ros/mavlink_lora/msg/mavlink_lora_heartbeat.js
Symlinking /home/chris/school/ros_catkin/devel/share/gennodejs/ros/mavlink_lora/msg/mavlink_lora_command_set_mode.js
Symlinking /home/chris/school/ros_catkin/devel/share/gennodejs/ros/mavlink_lora/msg/mavlink_lora_status.js
Symlinking /home/chris/school/ros_catkin/devel/share/gennodejs/ros/mavlink_lora/msg/mavlink_lora_mission_item_int.js
Symlinking /home/chris/school/ros_catkin/devel/share/gennodejs/ros/mavlink_lora/msg/_index.js
Symlinking /home/chris/school/ros_catkin/devel/share/gennodejs/ros/mavlink_lora/msg/mavlink_lora_enable_offboard.js
Symlinking /home/chris/school/ros_catkin/devel/share/gennodejs/ros/mavlink_lora/msg/mavlink_lora_command_start_mission.js
Symlinking /home/chris/school/ros_catkin/devel/share/gennodejs/ros/mavlink_lora/msg/mavlink_lora_statustext.js
Symlinking /home/chris/school/ros_catkin/devel/share/gennodejs/ros/mavlink_lora/msg/mavlink_lora_pos.js
Symlinking /home/chris/school/ros_catkin/devel/share/gennodejs/ros/mavlink_lora/msg/mavlink_lora_mission_ack.js
Symlinking /home/chris/school/ros_catkin/devel/share/gennodejs/ros/mavlink_lora/msg/mavlink_lora_radio_status.js
Symlinking /home/chris/school/ros_catkin/devel/share/gennodejs/ros/mavlink_lora/msg/mavlink_lora_command_takeoff.js
Symlinking /home/chris/school/ros_catkin/devel/share/gennodejs/ros/mavlink_lora/msg/mavlink_lora_command_land.js
Symlinking /home/chris/school/ros_catkin/devel/share/gennodejs/ros/mavlink_lora/msg/mavlink_lora_attitude.js
Symlinking /home/chris/school/ros_catkin/devel/share/gennodejs/ros/mavlink_lora/msg/mavlink_lora_command_reposition.js
Symlinking /home/chris/school/ros_catkin/devel/share/gennodejs/ros/mavlink_lora/msg/mavlink_lora_mission_list.js
Symlinking /home/chris/school/ros_catkin/devel/share/gennodejs/ros/mavlink_lora/msg/mavlink_lora_msg.js
Symlinking /home/chris/school/ros_catkin/devel/share/gennodejs/ros/mavlink_lora/msg/mavlink_lora_command_ack.js
Symlinking /home/chris/school/ros_catkin/devel/share/gennodejs/ros/mavlink_lora/msg/mavlink_lora_set_position_target_local_ned.js
Symlinking /home/chris/school/ros_catkin/devel/share/roseus/ros/mavlink_lora/manifest.l
Symlinking /home/chris/school/ros_catkin/devel/share/roseus/ros/mavlink_lora/msg/mavlink_lora_statustext.l
Symlinking /home/chris/school/ros_catkin/devel/share/roseus/ros/mavlink_lora/msg/mavlink_lora_status.l
Symlinking /home/chris/school/ros_catkin/devel/share/roseus/ros/mavlink_lora/msg/mavlink_lora_command_land.l
Symlinking /home/chris/school/ros_catkin/devel/share/roseus/ros/mavlink_lora/msg/mavlink_lora_mission_ack.l
Symlinking /home/chris/school/ros_catkin/devel/share/roseus/ros/mavlink_lora/msg/mavlink_lora_attitude.l
Symlinking /home/chris/school/ros_catkin/devel/share/roseus/ros/mavlink_lora/msg/mavlink_lora_gps_raw.l
Symlinking /home/chris/school/ros_catkin/devel/share/roseus/ros/mavlink_lora/msg/mavlink_lora_pos.l
Symlinking /home/chris/school/ros_catkin/devel/share/roseus/ros/mavlink_lora/msg/mavlink_lora_command_start_mission.l
Symlinking /home/chris/school/ros_catkin/devel/share/roseus/ros/mavlink_lora/msg/mavlink_lora_command_set_mode.l
Symlinking /home/chris/school/ros_catkin/devel/share/roseus/ros/mavlink_lora/msg/mavlink_lora_enable_offboard.l
Symlinking /home/chris/school/ros_catkin/devel/share/roseus/ros/mavlink_lora/msg/mavlink_lora_command_takeoff.l
Symlinking /home/chris/school/ros_catkin/devel/share/roseus/ros/mavlink_lora/msg/mavlink_lora_command_reposition.l
Symlinking /home/chris/school/ros_catkin/devel/share/roseus/ros/mavlink_lora/msg/mavlink_lora_msg.l
Symlinking /home/chris/school/ros_catkin/devel/share/roseus/ros/mavlink_lora/msg/mavlink_lora_command_ack.l
Symlinking /home/chris/school/ros_catkin/devel/share/roseus/ros/mavlink_lora/msg/mavlink_lora_radio_status.l
Symlinking /home/chris/school/ros_catkin/devel/share/roseus/ros/mavlink_lora/msg/mavlink_lora_mission_list.l
Symlinking /home/chris/school/ros_catkin/devel/share/roseus/ros/mavlink_lora/msg/mavlink_lora_mission_item_int.l
Symlinking /home/chris/school/ros_catkin/devel/share/roseus/ros/mavlink_lora/msg/mavlink_lora_heartbeat.l
Symlinking /home/chris/school/ros_catkin/devel/share/roseus/ros/mavlink_lora/msg/mavlink_lora_set_position_target_local_ned.l
Symlinking /home/chris/school/ros_catkin/devel/share/common-lisp/ros/mavlink_lora/msg/_package_mavlink_lora_mission_item_int.lisp
Symlinking /home/chris/school/ros_catkin/devel/share/common-lisp/ros/mavlink_lora/msg/_package_mavlink_lora_msg.lisp
Symlinking /home/chris/school/ros_catkin/devel/share/common-lisp/ros/mavlink_lora/msg/mavlink_lora_statustext.lisp
Symlinking /home/chris/school/ros_catkin/devel/share/common-lisp/ros/mavlink_lora/msg/_package_mavlink_lora_mission_ack.lisp
Symlinking /home/chris/school/ros_catkin/devel/share/common-lisp/ros/mavlink_lora/msg/mavlink_lora_set_position_target_local_ned.lisp
Symlinking /home/chris/school/ros_catkin/devel/share/common-lisp/ros/mavlink_lora/msg/_package_mavlink_lora_attitude.lisp
Symlinking /home/chris/school/ros_catkin/devel/share/common-lisp/ros/mavlink_lora/msg/_package_mavlink_lora_mission_list.lisp
Symlinking /home/chris/school/ros_catkin/devel/share/common-lisp/ros/mavlink_lora/msg/mavlink_lora_msg.lisp
Symlinking /home/chris/school/ros_catkin/devel/share/common-lisp/ros/mavlink_lora/msg/mavlink_lora_command_land.lisp
Symlinking /home/chris/school/ros_catkin/devel/share/common-lisp/ros/mavlink_lora/msg/mavlink_lora_enable_offboard.lisp
Symlinking /home/chris/school/ros_catkin/devel/share/common-lisp/ros/mavlink_lora/msg/_package_mavlink_lora_command_reposition.lisp
Symlinking /home/chris/school/ros_catkin/devel/share/common-lisp/ros/mavlink_lora/msg/_package_mavlink_lora_command_start_mission.lisp
Symlinking /home/chris/school/ros_catkin/devel/share/common-lisp/ros/mavlink_lora/msg/_package_mavlink_lora_command_takeoff.lisp
Symlinking /home/chris/school/ros_catkin/devel/share/common-lisp/ros/mavlink_lora/msg/mavlink_lora_gps_raw.lisp
Symlinking /home/chris/school/ros_catkin/devel/share/common-lisp/ros/mavlink_lora/msg/mavlink_lora_mission_list.lisp
Symlinking /home/chris/school/ros_catkin/devel/share/common-lisp/ros/mavlink_lora/msg/mavlink_lora_status.lisp
Symlinking /home/chris/school/ros_catkin/devel/share/common-lisp/ros/mavlink_lora/msg/mavlink_lora_pos.lisp
Symlinking /home/chris/school/ros_catkin/devel/share/common-lisp/ros/mavlink_lora/msg/mavlink_lora_command_ack.lisp
Symlinking /home/chris/school/ros_catkin/devel/share/common-lisp/ros/mavlink_lora/msg/mavlink_lora_radio_status.lisp
Symlinking /home/chris/school/ros_catkin/devel/share/common-lisp/ros/mavlink_lora/msg/mavlink_lora-msg.asd
Symlinking /home/chris/school/ros_catkin/devel/share/common-lisp/ros/mavlink_lora/msg/_package_mavlink_lora_set_position_target_local_ned.lisp
Symlinking /home/chris/school/ros_catkin/devel/share/common-lisp/ros/mavlink_lora/msg/_package_mavlink_lora_command_set_mode.lisp
Symlinking /home/chris/school/ros_catkin/devel/share/common-lisp/ros/mavlink_lora/msg/_package_mavlink_lora_pos.lisp
Symlinking /home/chris/school/ros_catkin/devel/share/common-lisp/ros/mavlink_lora/msg/_package_mavlink_lora_gps_raw.lisp
Symlinking /home/chris/school/ros_catkin/devel/share/common-lisp/ros/mavlink_lora/msg/_package.lisp
Symlinking /home/chris/school/ros_catkin/devel/share/common-lisp/ros/mavlink_lora/msg/mavlink_lora_command_start_mission.lisp
Symlinking /home/chris/school/ros_catkin/devel/share/common-lisp/ros/mavlink_lora/msg/_package_mavlink_lora_status.lisp
Symlinking /home/chris/school/ros_catkin/devel/share/common-lisp/ros/mavlink_lora/msg/mavlink_lora_attitude.lisp
Symlinking /home/chris/school/ros_catkin/devel/share/common-lisp/ros/mavlink_lora/msg/_package_mavlink_lora_heartbeat.lisp
Symlinking /home/chris/school/ros_catkin/devel/share/common-lisp/ros/mavlink_lora/msg/_package_mavlink_lora_radio_status.lisp
Symlinking /home/chris/school/ros_catkin/devel/share/common-lisp/ros/mavlink_lora/msg/mavlink_lora_heartbeat.lisp
Symlinking /home/chris/school/ros_catkin/devel/share/common-lisp/ros/mavlink_lora/msg/_package_mavlink_lora_enable_offboard.lisp
Symlinking /home/chris/school/ros_catkin/devel/share/common-lisp/ros/mavlink_lora/msg/_package_mavlink_lora_statustext.lisp
Symlinking /home/chris/school/ros_catkin/devel/share/common-lisp/ros/mavlink_lora/msg/_package_mavlink_lora_command_land.lisp
Symlinking /home/chris/school/ros_catkin/devel/share/common-lisp/ros/mavlink_lora/msg/mavlink_lora_mission_ack.lisp
Symlinking /home/chris/school/ros_catkin/devel/share/common-lisp/ros/mavlink_lora/msg/mavlink_lora_command_set_mode.lisp
Symlinking /home/chris/school/ros_catkin/devel/share/common-lisp/ros/mavlink_lora/msg/mavlink_lora_command_takeoff.lisp
Symlinking /home/chris/school/ros_catkin/devel/share/common-lisp/ros/mavlink_lora/msg/mavlink_lora_mission_item_int.lisp
Symlinking /home/chris/school/ros_catkin/devel/share/common-lisp/ros/mavlink_lora/msg/mavlink_lora_command_reposition.lisp
Symlinking /home/chris/school/ros_catkin/devel/share/common-lisp/ros/mavlink_lora/msg/_package_mavlink_lora_command_ack.lisp
Symlinking /home/chris/school/ros_catkin/devel/share/mavlink_lora/cmake/mavlink_lora-msg-paths.cmake
Symlinking /home/chris/school/ros_catkin/devel/share/mavlink_lora/cmake/mavlink_loraConfig-version.cmake
Symlinking /home/chris/school/ros_catkin/devel/share/mavlink_lora/cmake/mavlink_lora-msg-extras.cmake
Symlinking /home/chris/school/ros_catkin/devel/share/mavlink_lora/cmake/mavlink_loraConfig.cmake
Symlinking /home/chris/school/ros_catkin/devel/include/mavlink_lora/mavlink_lora_mission_ack.h
Symlinking /home/chris/school/ros_catkin/devel/include/mavlink_lora/mavlink_lora_msg.h
Symlinking /home/chris/school/ros_catkin/devel/include/mavlink_lora/mavlink_lora_command_reposition.h
Symlinking /home/chris/school/ros_catkin/devel/include/mavlink_lora/mavlink_lora_pos.h
Symlinking /home/chris/school/ros_catkin/devel/include/mavlink_lora/mavlink_lora_command_start_mission.h
Symlinking /home/chris/school/ros_catkin/devel/include/mavlink_lora/mavlink_lora_mission_list.h
Symlinking /home/chris/school/ros_catkin/devel/include/mavlink_lora/mavlink_lora_attitude.h
Symlinking /home/chris/school/ros_catkin/devel/include/mavlink_lora/mavlink_lora_command_land.h
Symlinking /home/chris/school/ros_catkin/devel/include/mavlink_lora/mavlink_lora_command_set_mode.h
Symlinking /home/chris/school/ros_catkin/devel/include/mavlink_lora/mavlink_lora_command_takeoff.h
Symlinking /home/chris/school/ros_catkin/devel/include/mavlink_lora/mavlink_lora_set_position_target_local_ned.h
Symlinking /home/chris/school/ros_catkin/devel/include/mavlink_lora/mavlink_lora_command_ack.h
Symlinking /home/chris/school/ros_catkin/devel/include/mavlink_lora/mavlink_lora_heartbeat.h
Symlinking /home/chris/school/ros_catkin/devel/include/mavlink_lora/mavlink_lora_radio_status.h
Symlinking /home/chris/school/ros_catkin/devel/include/mavlink_lora/mavlink_lora_mission_item_int.h
Symlinking /home/chris/school/ros_catkin/devel/include/mavlink_lora/mavlink_lora_enable_offboard.h
Symlinking /home/chris/school/ros_catkin/devel/include/mavlink_lora/mavlink_lora_gps_raw.h
Symlinking /home/chris/school/ros_catkin/devel/include/mavlink_lora/mavlink_lora_status.h
Symlinking /home/chris/school/ros_catkin/devel/include/mavlink_lora/mavlink_lora_statustext.h
