Determining if the pthread_create exist failed with the following output:
Change Dir: /home/chris/school/ros_catkin/build/rocketbot/CMakeFiles/CMakeTmp

Run Build Command:"/usr/bin/make" "cmTC_abbf0/fast"
/usr/bin/make -f CMakeFiles/cmTC_abbf0.dir/build.make CMakeFiles/cmTC_abbf0.dir/build
make[1]: Entering directory '/home/chris/school/ros_catkin/build/rocketbot/CMakeFiles/CMakeTmp'
Building C object CMakeFiles/cmTC_abbf0.dir/CheckSymbolExists.c.o
/usr/bin/cc    -o CMakeFiles/cmTC_abbf0.dir/CheckSymbolExists.c.o   -c /home/chris/school/ros_catkin/build/rocketbot/CMakeFiles/CMakeTmp/CheckSymbolExists.c
Linking C executable cmTC_abbf0
/usr/bin/cmake -E cmake_link_script CMakeFiles/cmTC_abbf0.dir/link.txt --verbose=1
/usr/bin/cc      -rdynamic CMakeFiles/cmTC_abbf0.dir/CheckSymbolExists.c.o  -o cmTC_abbf0 
CMakeFiles/cmTC_abbf0.dir/CheckSymbolExists.c.o: In function `main':
CheckSymbolExists.c:(.text+0x1b): undefined reference to `pthread_create'
collect2: error: ld returned 1 exit status
CMakeFiles/cmTC_abbf0.dir/build.make:97: recipe for target 'cmTC_abbf0' failed
make[1]: *** [cmTC_abbf0] Error 1
make[1]: Leaving directory '/home/chris/school/ros_catkin/build/rocketbot/CMakeFiles/CMakeTmp'
Makefile:126: recipe for target 'cmTC_abbf0/fast' failed
make: *** [cmTC_abbf0/fast] Error 2

File /home/chris/school/ros_catkin/build/rocketbot/CMakeFiles/CMakeTmp/CheckSymbolExists.c:
/* */
#include <pthread.h>

int main(int argc, char** argv)
{
  (void)argv;
#ifndef pthread_create
  return ((int*)(&pthread_create))[argc];
#else
  (void)argc;
  return 0;
#endif
}

Determining if the function pthread_create exists in the pthreads failed with the following output:
Change Dir: /home/chris/school/ros_catkin/build/rocketbot/CMakeFiles/CMakeTmp

Run Build Command:"/usr/bin/make" "cmTC_92460/fast"
/usr/bin/make -f CMakeFiles/cmTC_92460.dir/build.make CMakeFiles/cmTC_92460.dir/build
make[1]: Entering directory '/home/chris/school/ros_catkin/build/rocketbot/CMakeFiles/CMakeTmp'
Building C object CMakeFiles/cmTC_92460.dir/CheckFunctionExists.c.o
/usr/bin/cc   -DCHECK_FUNCTION_EXISTS=pthread_create   -o CMakeFiles/cmTC_92460.dir/CheckFunctionExists.c.o   -c /usr/share/cmake-3.10/Modules/CheckFunctionExists.c
Linking C executable cmTC_92460
/usr/bin/cmake -E cmake_link_script CMakeFiles/cmTC_92460.dir/link.txt --verbose=1
/usr/bin/cc  -DCHECK_FUNCTION_EXISTS=pthread_create    -rdynamic CMakeFiles/cmTC_92460.dir/CheckFunctionExists.c.o  -o cmTC_92460 -lpthreads 
/usr/bin/ld: cannot find -lpthreads
collect2: error: ld returned 1 exit status
CMakeFiles/cmTC_92460.dir/build.make:97: recipe for target 'cmTC_92460' failed
make[1]: *** [cmTC_92460] Error 1
make[1]: Leaving directory '/home/chris/school/ros_catkin/build/rocketbot/CMakeFiles/CMakeTmp'
Makefile:126: recipe for target 'cmTC_92460/fast' failed
make: *** [cmTC_92460/fast] Error 2


