Determining if the pthread_create exist failed with the following output:
Change Dir: /home/chris/school/ros_catkin/build/video_stabilizer_node/CMakeFiles/CMakeTmp

Run Build Command:"/usr/bin/make" "cmTC_14719/fast"
/usr/bin/make -f CMakeFiles/cmTC_14719.dir/build.make CMakeFiles/cmTC_14719.dir/build
make[1]: Entering directory '/home/chris/school/ros_catkin/build/video_stabilizer_node/CMakeFiles/CMakeTmp'
Building C object CMakeFiles/cmTC_14719.dir/CheckSymbolExists.c.o
/usr/bin/cc    -o CMakeFiles/cmTC_14719.dir/CheckSymbolExists.c.o   -c /home/chris/school/ros_catkin/build/video_stabilizer_node/CMakeFiles/CMakeTmp/CheckSymbolExists.c
Linking C executable cmTC_14719
/usr/bin/cmake -E cmake_link_script CMakeFiles/cmTC_14719.dir/link.txt --verbose=1
/usr/bin/cc      -rdynamic CMakeFiles/cmTC_14719.dir/CheckSymbolExists.c.o  -o cmTC_14719 
CMakeFiles/cmTC_14719.dir/CheckSymbolExists.c.o: In function `main':
CheckSymbolExists.c:(.text+0x1b): undefined reference to `pthread_create'
collect2: error: ld returned 1 exit status
CMakeFiles/cmTC_14719.dir/build.make:97: recipe for target 'cmTC_14719' failed
make[1]: *** [cmTC_14719] Error 1
make[1]: Leaving directory '/home/chris/school/ros_catkin/build/video_stabilizer_node/CMakeFiles/CMakeTmp'
Makefile:126: recipe for target 'cmTC_14719/fast' failed
make: *** [cmTC_14719/fast] Error 2

File /home/chris/school/ros_catkin/build/video_stabilizer_node/CMakeFiles/CMakeTmp/CheckSymbolExists.c:
/* */
#include <pthread.h>

int main(int argc, char** argv)
{
  (void)argv;
#ifndef pthread_create
  return ((int*)(&pthread_create))[argc];
#else
  (void)argc;
  return 0;
#endif
}

Determining if the function pthread_create exists in the pthreads failed with the following output:
Change Dir: /home/chris/school/ros_catkin/build/video_stabilizer_node/CMakeFiles/CMakeTmp

Run Build Command:"/usr/bin/make" "cmTC_cc016/fast"
/usr/bin/make -f CMakeFiles/cmTC_cc016.dir/build.make CMakeFiles/cmTC_cc016.dir/build
make[1]: Entering directory '/home/chris/school/ros_catkin/build/video_stabilizer_node/CMakeFiles/CMakeTmp'
Building C object CMakeFiles/cmTC_cc016.dir/CheckFunctionExists.c.o
/usr/bin/cc   -DCHECK_FUNCTION_EXISTS=pthread_create   -o CMakeFiles/cmTC_cc016.dir/CheckFunctionExists.c.o   -c /usr/share/cmake-3.10/Modules/CheckFunctionExists.c
Linking C executable cmTC_cc016
/usr/bin/cmake -E cmake_link_script CMakeFiles/cmTC_cc016.dir/link.txt --verbose=1
/usr/bin/cc  -DCHECK_FUNCTION_EXISTS=pthread_create    -rdynamic CMakeFiles/cmTC_cc016.dir/CheckFunctionExists.c.o  -o cmTC_cc016 -lpthreads 
/usr/bin/ld: cannot find -lpthreads
collect2: error: ld returned 1 exit status
CMakeFiles/cmTC_cc016.dir/build.make:97: recipe for target 'cmTC_cc016' failed
make[1]: *** [cmTC_cc016] Error 1
make[1]: Leaving directory '/home/chris/school/ros_catkin/build/video_stabilizer_node/CMakeFiles/CMakeTmp'
Makefile:126: recipe for target 'cmTC_cc016/fast' failed
make: *** [cmTC_cc016/fast] Error 2


