In file included from [01m[K/home/chris/school/ros_catkin/src/mavros/mavros/include/mavros/mavros_plugin.h:25:0[m[K,
                 from [01m[K/home/chris/school/ros_catkin/src/mavros/mavros/include/mavros/mavros.h:24[m[K,
                 from [01m[K/home/chris/school/ros_catkin/src/mavros/mavros/src/lib/mavros.cpp:15[m[K:
[01m[K/home/chris/school/ros_catkin/src/mavros/mavros/include/mavros/mavros_uas.h:32:10:[m[K [01;31m[Kfatal error: [m[KGeographicLib/Geoid.hpp: No such file or directory
 #include [01;31m[K<GeographicLib/Geoid.hpp>[m[K
          [01;31m[K^~~~~~~~~~~~~~~~~~~~~~~~~[m[K
compilation terminated.
make[2]: *** [CMakeFiles/mavros.dir/src/lib/mavros.cpp.o] Error 1
make[2]: *** Waiting for unfinished jobs....
In file included from [01m[K/home/chris/school/ros_catkin/src/mavros/mavros/src/lib/uas_data.cpp:17:0[m[K:
[01m[K/home/chris/school/ros_catkin/src/mavros/mavros/include/mavros/mavros_uas.h:32:10:[m[K [01;31m[Kfatal error: [m[KGeographicLib/Geoid.hpp: No such file or directory
 #include [01;31m[K<GeographicLib/Geoid.hpp>[m[K
          [01;31m[K^~~~~~~~~~~~~~~~~~~~~~~~~[m[K
compilation terminated.
make[2]: *** [CMakeFiles/mavros.dir/src/lib/uas_data.cpp.o] Error 1
In file included from [01m[K/home/chris/school/ros_catkin/src/mavros/mavros/src/lib/uas_stringify.cpp:17:0[m[K:
[01m[K/home/chris/school/ros_catkin/src/mavros/mavros/include/mavros/mavros_uas.h:32:10:[m[K [01;31m[Kfatal error: [m[KGeographicLib/Geoid.hpp: No such file or directory
 #include [01;31m[K<GeographicLib/Geoid.hpp>[m[K
          [01;31m[K^~~~~~~~~~~~~~~~~~~~~~~~~[m[K
compilation terminated.
make[2]: *** [CMakeFiles/mavros.dir/src/lib/uas_stringify.cpp.o] Error 1
make[1]: *** [CMakeFiles/mavros.dir/all] Error 2
make: *** [all] Error 2
