Determining if the pthread_create exist failed with the following output:
Change Dir: /home/chris/school/ros_catkin/build/px4/CMakeFiles/CMakeTmp

Run Build Command:"/usr/bin/make" "cmTC_56113/fast"
/usr/bin/make -f CMakeFiles/cmTC_56113.dir/build.make CMakeFiles/cmTC_56113.dir/build
make[1]: Entering directory '/home/chris/school/ros_catkin/build/px4/CMakeFiles/CMakeTmp'
Building C object CMakeFiles/cmTC_56113.dir/CheckSymbolExists.c.o
/usr/bin/cc -DcmTC_56113_EXPORTS  -fPIE   -o CMakeFiles/cmTC_56113.dir/CheckSymbolExists.c.o   -c /home/chris/school/ros_catkin/build/px4/CMakeFiles/CMakeTmp/CheckSymbolExists.c
Linking C executable cmTC_56113
/usr/bin/cmake -E cmake_link_script CMakeFiles/cmTC_56113.dir/link.txt --verbose=1
/usr/bin/cc      -Wl,--export-dynamic -rdynamic CMakeFiles/cmTC_56113.dir/CheckSymbolExists.c.o  -o cmTC_56113 
CMakeFiles/cmTC_56113.dir/CheckSymbolExists.c.o: In function `main':
CheckSymbolExists.c:(.text+0x1b): undefined reference to `pthread_create'
collect2: error: ld returned 1 exit status
CMakeFiles/cmTC_56113.dir/build.make:97: recipe for target 'cmTC_56113' failed
make[1]: *** [cmTC_56113] Error 1
make[1]: Leaving directory '/home/chris/school/ros_catkin/build/px4/CMakeFiles/CMakeTmp'
Makefile:126: recipe for target 'cmTC_56113/fast' failed
make: *** [cmTC_56113/fast] Error 2

File /home/chris/school/ros_catkin/build/px4/CMakeFiles/CMakeTmp/CheckSymbolExists.c:
/* */
#include <pthread.h>

int main(int argc, char** argv)
{
  (void)argv;
#ifndef pthread_create
  return ((int*)(&pthread_create))[argc];
#else
  (void)argc;
  return 0;
#endif
}

Determining if the function pthread_create exists in the pthreads failed with the following output:
Change Dir: /home/chris/school/ros_catkin/build/px4/CMakeFiles/CMakeTmp

Run Build Command:"/usr/bin/make" "cmTC_c8a23/fast"
/usr/bin/make -f CMakeFiles/cmTC_c8a23.dir/build.make CMakeFiles/cmTC_c8a23.dir/build
make[1]: Entering directory '/home/chris/school/ros_catkin/build/px4/CMakeFiles/CMakeTmp'
Building C object CMakeFiles/cmTC_c8a23.dir/CheckFunctionExists.c.o
/usr/bin/cc -DcmTC_c8a23_EXPORTS  -DCHECK_FUNCTION_EXISTS=pthread_create -fPIE   -o CMakeFiles/cmTC_c8a23.dir/CheckFunctionExists.c.o   -c /usr/share/cmake-3.10/Modules/CheckFunctionExists.c
Linking C executable cmTC_c8a23
/usr/bin/cmake -E cmake_link_script CMakeFiles/cmTC_c8a23.dir/link.txt --verbose=1
/usr/bin/cc  -DCHECK_FUNCTION_EXISTS=pthread_create    -Wl,--export-dynamic -rdynamic CMakeFiles/cmTC_c8a23.dir/CheckFunctionExists.c.o  -o cmTC_c8a23 -lpthreads 
/usr/bin/ld: cannot find -lpthreads
collect2: error: ld returned 1 exit status
CMakeFiles/cmTC_c8a23.dir/build.make:97: recipe for target 'cmTC_c8a23' failed
make[1]: *** [cmTC_c8a23] Error 1
make[1]: Leaving directory '/home/chris/school/ros_catkin/build/px4/CMakeFiles/CMakeTmp'
Makefile:126: recipe for target 'cmTC_c8a23/fast' failed
make: *** [cmTC_c8a23/fast] Error 2


