Determining if the pthread_create exist failed with the following output:
Change Dir: /home/chris/school/ros_catkin/build/visualisation_markers/CMakeFiles/CMakeTmp

Run Build Command:"/usr/bin/make" "cmTC_29e02/fast"
/usr/bin/make -f CMakeFiles/cmTC_29e02.dir/build.make CMakeFiles/cmTC_29e02.dir/build
make[1]: Entering directory '/home/chris/school/ros_catkin/build/visualisation_markers/CMakeFiles/CMakeTmp'
Building C object CMakeFiles/cmTC_29e02.dir/CheckSymbolExists.c.o
/usr/bin/cc    -o CMakeFiles/cmTC_29e02.dir/CheckSymbolExists.c.o   -c /home/chris/school/ros_catkin/build/visualisation_markers/CMakeFiles/CMakeTmp/CheckSymbolExists.c
Linking C executable cmTC_29e02
/usr/bin/cmake -E cmake_link_script CMakeFiles/cmTC_29e02.dir/link.txt --verbose=1
/usr/bin/cc      -rdynamic CMakeFiles/cmTC_29e02.dir/CheckSymbolExists.c.o  -o cmTC_29e02 
CMakeFiles/cmTC_29e02.dir/CheckSymbolExists.c.o: In function `main':
CheckSymbolExists.c:(.text+0x1b): undefined reference to `pthread_create'
collect2: error: ld returned 1 exit status
CMakeFiles/cmTC_29e02.dir/build.make:97: recipe for target 'cmTC_29e02' failed
make[1]: *** [cmTC_29e02] Error 1
make[1]: Leaving directory '/home/chris/school/ros_catkin/build/visualisation_markers/CMakeFiles/CMakeTmp'
Makefile:126: recipe for target 'cmTC_29e02/fast' failed
make: *** [cmTC_29e02/fast] Error 2

File /home/chris/school/ros_catkin/build/visualisation_markers/CMakeFiles/CMakeTmp/CheckSymbolExists.c:
/* */
#include <pthread.h>

int main(int argc, char** argv)
{
  (void)argv;
#ifndef pthread_create
  return ((int*)(&pthread_create))[argc];
#else
  (void)argc;
  return 0;
#endif
}

Determining if the function pthread_create exists in the pthreads failed with the following output:
Change Dir: /home/chris/school/ros_catkin/build/visualisation_markers/CMakeFiles/CMakeTmp

Run Build Command:"/usr/bin/make" "cmTC_65322/fast"
/usr/bin/make -f CMakeFiles/cmTC_65322.dir/build.make CMakeFiles/cmTC_65322.dir/build
make[1]: Entering directory '/home/chris/school/ros_catkin/build/visualisation_markers/CMakeFiles/CMakeTmp'
Building C object CMakeFiles/cmTC_65322.dir/CheckFunctionExists.c.o
/usr/bin/cc   -DCHECK_FUNCTION_EXISTS=pthread_create   -o CMakeFiles/cmTC_65322.dir/CheckFunctionExists.c.o   -c /usr/share/cmake-3.10/Modules/CheckFunctionExists.c
Linking C executable cmTC_65322
/usr/bin/cmake -E cmake_link_script CMakeFiles/cmTC_65322.dir/link.txt --verbose=1
/usr/bin/cc  -DCHECK_FUNCTION_EXISTS=pthread_create    -rdynamic CMakeFiles/cmTC_65322.dir/CheckFunctionExists.c.o  -o cmTC_65322 -lpthreads 
/usr/bin/ld: cannot find -lpthreads
collect2: error: ld returned 1 exit status
CMakeFiles/cmTC_65322.dir/build.make:97: recipe for target 'cmTC_65322' failed
make[1]: *** [cmTC_65322] Error 1
make[1]: Leaving directory '/home/chris/school/ros_catkin/build/visualisation_markers/CMakeFiles/CMakeTmp'
Makefile:126: recipe for target 'cmTC_65322/fast' failed
make: *** [cmTC_65322/fast] Error 2


