Determining if the pthread_create exist failed with the following output:
Change Dir: /home/chris/src/Firmware/build/px4_sitl_default/build_gazebo/CMakeFiles/CMakeTmp

Run Build Command:"/usr/bin/ninja" "cmTC_19c17"
[1/2] Building C object CMakeFiles/cmTC_19c17.dir/CheckSymbolExists.c.o
[2/2] Linking C executable cmTC_19c17
FAILED: cmTC_19c17 
: && /usr/bin/cc    CMakeFiles/cmTC_19c17.dir/CheckSymbolExists.c.o  -o cmTC_19c17   && :
CMakeFiles/cmTC_19c17.dir/CheckSymbolExists.c.o: In function `main':
CheckSymbolExists.c:(.text+0x1b): undefined reference to `pthread_create'
collect2: error: ld returned 1 exit status
ninja: build stopped: subcommand failed.

File /home/chris/src/Firmware/build/px4_sitl_default/build_gazebo/CMakeFiles/CMakeTmp/CheckSymbolExists.c:
/* */
#include <pthread.h>

int main(int argc, char** argv)
{
  (void)argv;
#ifndef pthread_create
  return ((int*)(&pthread_create))[argc];
#else
  (void)argc;
  return 0;
#endif
}

Determining if the function pthread_create exists in the pthreads failed with the following output:
Change Dir: /home/chris/src/Firmware/build/px4_sitl_default/build_gazebo/CMakeFiles/CMakeTmp

Run Build Command:"/usr/bin/ninja" "cmTC_90f71"
[1/2] Building C object CMakeFiles/cmTC_90f71.dir/CheckFunctionExists.c.o
[2/2] Linking C executable cmTC_90f71
FAILED: cmTC_90f71 
: && /usr/bin/cc -DCHECK_FUNCTION_EXISTS=pthread_create   CMakeFiles/cmTC_90f71.dir/CheckFunctionExists.c.o  -o cmTC_90f71  -lpthreads && :
/usr/bin/ld: cannot find -lpthreads
collect2: error: ld returned 1 exit status
ninja: build stopped: subcommand failed.


