Determining if the pthread_create exist failed with the following output:
Change Dir: /home/chris/school/ros_catkin/build/mavros_extras/CMakeFiles/CMakeTmp

Run Build Command:"/usr/bin/make" "cmTC_4204f/fast"
/usr/bin/make -f CMakeFiles/cmTC_4204f.dir/build.make CMakeFiles/cmTC_4204f.dir/build
make[1]: Entering directory '/home/chris/school/ros_catkin/build/mavros_extras/CMakeFiles/CMakeTmp'
Building C object CMakeFiles/cmTC_4204f.dir/CheckSymbolExists.c.o
/usr/bin/cc    -o CMakeFiles/cmTC_4204f.dir/CheckSymbolExists.c.o   -c /home/chris/school/ros_catkin/build/mavros_extras/CMakeFiles/CMakeTmp/CheckSymbolExists.c
Linking C executable cmTC_4204f
/usr/bin/cmake -E cmake_link_script CMakeFiles/cmTC_4204f.dir/link.txt --verbose=1
/usr/bin/cc      -rdynamic CMakeFiles/cmTC_4204f.dir/CheckSymbolExists.c.o  -o cmTC_4204f 
CMakeFiles/cmTC_4204f.dir/CheckSymbolExists.c.o: In function `main':
CheckSymbolExists.c:(.text+0x1b): undefined reference to `pthread_create'
collect2: error: ld returned 1 exit status
CMakeFiles/cmTC_4204f.dir/build.make:97: recipe for target 'cmTC_4204f' failed
make[1]: *** [cmTC_4204f] Error 1
make[1]: Leaving directory '/home/chris/school/ros_catkin/build/mavros_extras/CMakeFiles/CMakeTmp'
Makefile:126: recipe for target 'cmTC_4204f/fast' failed
make: *** [cmTC_4204f/fast] Error 2

File /home/chris/school/ros_catkin/build/mavros_extras/CMakeFiles/CMakeTmp/CheckSymbolExists.c:
/* */
#include <pthread.h>

int main(int argc, char** argv)
{
  (void)argv;
#ifndef pthread_create
  return ((int*)(&pthread_create))[argc];
#else
  (void)argc;
  return 0;
#endif
}

Determining if the function pthread_create exists in the pthreads failed with the following output:
Change Dir: /home/chris/school/ros_catkin/build/mavros_extras/CMakeFiles/CMakeTmp

Run Build Command:"/usr/bin/make" "cmTC_192ba/fast"
/usr/bin/make -f CMakeFiles/cmTC_192ba.dir/build.make CMakeFiles/cmTC_192ba.dir/build
make[1]: Entering directory '/home/chris/school/ros_catkin/build/mavros_extras/CMakeFiles/CMakeTmp'
Building C object CMakeFiles/cmTC_192ba.dir/CheckFunctionExists.c.o
/usr/bin/cc   -DCHECK_FUNCTION_EXISTS=pthread_create   -o CMakeFiles/cmTC_192ba.dir/CheckFunctionExists.c.o   -c /usr/share/cmake-3.10/Modules/CheckFunctionExists.c
Linking C executable cmTC_192ba
/usr/bin/cmake -E cmake_link_script CMakeFiles/cmTC_192ba.dir/link.txt --verbose=1
/usr/bin/cc  -DCHECK_FUNCTION_EXISTS=pthread_create    -rdynamic CMakeFiles/cmTC_192ba.dir/CheckFunctionExists.c.o  -o cmTC_192ba -lpthreads 
/usr/bin/ld: cannot find -lpthreads
collect2: error: ld returned 1 exit status
CMakeFiles/cmTC_192ba.dir/build.make:97: recipe for target 'cmTC_192ba' failed
make[1]: *** [cmTC_192ba] Error 1
make[1]: Leaving directory '/home/chris/school/ros_catkin/build/mavros_extras/CMakeFiles/CMakeTmp'
Makefile:126: recipe for target 'cmTC_192ba/fast' failed
make: *** [cmTC_192ba/fast] Error 2


