Determining if the pthread_create exist failed with the following output:
Change Dir: /home/crow/Documents/mavlink_lora/ros/mavlink_lora/cmake-build-debug/CMakeFiles/CMakeTmp

Run Build Command:"/usr/bin/make" "cmTC_1d111/fast"
/usr/bin/make -f CMakeFiles/cmTC_1d111.dir/build.make CMakeFiles/cmTC_1d111.dir/build
make[1]: Entering directory '/home/crow/Documents/mavlink_lora/ros/mavlink_lora/cmake-build-debug/CMakeFiles/CMakeTmp'
Building C object CMakeFiles/cmTC_1d111.dir/CheckSymbolExists.c.o
/usr/bin/cc    -o CMakeFiles/cmTC_1d111.dir/CheckSymbolExists.c.o   -c /home/crow/Documents/mavlink_lora/ros/mavlink_lora/cmake-build-debug/CMakeFiles/CMakeTmp/CheckSymbolExists.c
Linking C executable cmTC_1d111
/home/crow/.local/share/JetBrains/Toolbox/apps/CLion/ch-0/183.4886.39/bin/cmake/linux/bin/cmake -E cmake_link_script CMakeFiles/cmTC_1d111.dir/link.txt --verbose=1
/usr/bin/cc      -rdynamic CMakeFiles/cmTC_1d111.dir/CheckSymbolExists.c.o  -o cmTC_1d111 
CMakeFiles/cmTC_1d111.dir/CheckSymbolExists.c.o: In function `main':
CheckSymbolExists.c:(.text+0x1b): undefined reference to `pthread_create'
collect2: error: ld returned 1 exit status
CMakeFiles/cmTC_1d111.dir/build.make:86: recipe for target 'cmTC_1d111' failed
make[1]: *** [cmTC_1d111] Error 1
make[1]: Leaving directory '/home/crow/Documents/mavlink_lora/ros/mavlink_lora/cmake-build-debug/CMakeFiles/CMakeTmp'
Makefile:121: recipe for target 'cmTC_1d111/fast' failed
make: *** [cmTC_1d111/fast] Error 2

File /home/crow/Documents/mavlink_lora/ros/mavlink_lora/cmake-build-debug/CMakeFiles/CMakeTmp/CheckSymbolExists.c:
/* */
#include <pthread.h>

int main(int argc, char** argv)
{
  (void)argv;
#ifndef pthread_create
  return ((int*)(&pthread_create))[argc];
#else
  (void)argc;
  return 0;
#endif
}

Determining if the function pthread_create exists in the pthreads failed with the following output:
Change Dir: /home/crow/Documents/mavlink_lora/ros/mavlink_lora/cmake-build-debug/CMakeFiles/CMakeTmp

Run Build Command:"/usr/bin/make" "cmTC_7b658/fast"
/usr/bin/make -f CMakeFiles/cmTC_7b658.dir/build.make CMakeFiles/cmTC_7b658.dir/build
make[1]: Entering directory '/home/crow/Documents/mavlink_lora/ros/mavlink_lora/cmake-build-debug/CMakeFiles/CMakeTmp'
Building C object CMakeFiles/cmTC_7b658.dir/CheckFunctionExists.c.o
/usr/bin/cc   -DCHECK_FUNCTION_EXISTS=pthread_create   -o CMakeFiles/cmTC_7b658.dir/CheckFunctionExists.c.o   -c /home/crow/.local/share/JetBrains/Toolbox/apps/CLion/ch-0/183.4886.39/bin/cmake/linux/share/cmake-3.13/Modules/CheckFunctionExists.c
Linking C executable cmTC_7b658
/home/crow/.local/share/JetBrains/Toolbox/apps/CLion/ch-0/183.4886.39/bin/cmake/linux/bin/cmake -E cmake_link_script CMakeFiles/cmTC_7b658.dir/link.txt --verbose=1
/usr/bin/cc  -DCHECK_FUNCTION_EXISTS=pthread_create    -rdynamic CMakeFiles/cmTC_7b658.dir/CheckFunctionExists.c.o  -o cmTC_7b658 -lpthreads 
/usr/bin/ld: cannot find -lpthreads
collect2: error: ld returned 1 exit status
CMakeFiles/cmTC_7b658.dir/build.make:86: recipe for target 'cmTC_7b658' failed
make[1]: *** [cmTC_7b658] Error 1
make[1]: Leaving directory '/home/crow/Documents/mavlink_lora/ros/mavlink_lora/cmake-build-debug/CMakeFiles/CMakeTmp'
Makefile:121: recipe for target 'cmTC_7b658/fast' failed
make: *** [cmTC_7b658/fast] Error 2


